INFO: Modulo do aeroporto inicializado.
====================================================
INFO: Sistema inicializado. Iniciando simulacao...
====================================================
INFO: Simulacao rodando por 300 segundos.
INFO: Voo DOM 1 criado e iniciando procedimentos.
POUSO: Voo DOM 1 aguardando recursos para pousar.
POUSO: Voo DOM 1 obteve recursos. Pousando agora...
POUSO: Voo DOM 1 pousou e liberou a pista/torre.
DESEMBARQUE: Voo DOM 1 aguardando recursos para desembarcar.
DESEMBARQUE: Voo DOM 1 atracou no portao. Desembarcando...
INFO: Voo DOM 2 criado e iniciando procedimentos.
POUSO: Voo DOM 2 aguardando recursos para pousar.
POUSO: Voo DOM 2 obteve recursos. Pousando agora...
INFO: Voo INTL 3 criado e iniciando procedimentos.
POUSO: Voo INTL 3 aguardando recursos para pousar.
POUSO: Voo DOM 2 pousou e liberou a pista/torre.
DESEMBARQUE: Voo DOM 2 aguardando recursos para desembarcar.
DESEMBARQUE: Voo DOM 2 atracou no portao. Desembarcando...
DESEMBARQUE: Voo DOM 1 finalizou o desembarque e liberou o portao/torre.
DECOLAGEM: Voo DOM 1 aguardando recursos para decolar.
POUSO: Voo INTL 3 obteve recursos. Pousando agora...
INFO: Voo DOM 4 criado e iniciando procedimentos.
POUSO: Voo DOM 4 aguardando recursos para pousar.
DECOLAGEM: Voo DOM 1 obteve recursos. Decolando agora...
POUSO: Voo INTL 3 pousou e liberou a pista/torre.
DESEMBARQUE: Voo INTL 3 aguardando recursos para desembarcar.
DESEMBARQUE: Voo DOM 2 finalizou o desembarque e liberou o portao/torre.
DECOLAGEM: Voo DOM 2 aguardando recursos para decolar.
PRIORIDADE: Voo DOM 2 esperando. 1 voo(s) INTL na frente.
POUSO: Voo DOM 4 obteve recursos. Pousando agora...
INFO: Voo DOM 5 criado e iniciando procedimentos.
POUSO: Voo DOM 5 aguardando recursos para pousar.
PRIORIDADE: Voo DOM 5 esperando. 1 voo(s) INTL na frente.
INFO: Voo INTL 6 criado e iniciando procedimentos.
POUSO: Voo INTL 6 aguardando recursos para pousar.
DESEMBARQUE: Voo INTL 3 atracou no portao. Desembarcando...
INFO: Voo DOM 1 decolou com sucesso e finalizou o ciclo.
POUSO: Voo DOM 4 pousou e liberou a pista/torre.
DESEMBARQUE: Voo DOM 4 aguardando recursos para desembarcar.
PRIORIDADE: Voo DOM 4 esperando. 1 voo(s) INTL na frente.
POUSO: Voo DOM 5 obteve recursos. Pousando agora...
INFO: Voo DOM 7 criado e iniciando procedimentos.
POUSO: Voo DOM 7 aguardando recursos para pousar.
PRIORIDADE: Voo DOM 7 esperando. 1 voo(s) INTL na frente.
INFO: Voo DOM 8 criado e iniciando procedimentos.
POUSO: Voo DOM 8 aguardando recursos para pousar.
PRIORIDADE: Voo DOM 8 esperando. 1 voo(s) INTL na frente.
DESEMBARQUE: Voo INTL 3 finalizou o desembarque e liberou o portao/torre.
DECOLAGEM: Voo INTL 3 aguardando recursos para decolar.
DECOLAGEM: Voo DOM 2 obteve recursos. Decolando agora...
POUSO: Voo DOM 5 pousou e liberou a pista/torre.
DESEMBARQUE: Voo DOM 5 aguardando recursos para desembarcar.
PRIORIDADE: Voo DOM 5 esperando. 1 voo(s) INTL na frente.
POUSO: Voo INTL 6 obteve recursos. Pousando agora...
INFO: Voo DOM 2 decolou com sucesso e finalizou o ciclo.
DECOLAGEM: Voo INTL 3 obteve recursos. Decolando agora...
POUSO: Voo INTL 6 pousou e liberou a pista/torre.
DESEMBARQUE: Voo INTL 6 aguardando recursos para desembarcar.
POUSO: Voo DOM 7 obteve recursos. Pousando agora...
INFO: Voo DOM 9 criado e iniciando procedimentos.
POUSO: Voo DOM 9 aguardando recursos para pousar.
PRIORIDADE: Voo DOM 9 esperando. 1 voo(s) INTL na frente.
INFO: Voo INTL 3 decolou com sucesso e finalizou o ciclo.
POUSO: Voo DOM 8 obteve recursos. Pousando agora...
POUSO: Voo DOM 7 pousou e liberou a pista/torre.
DESEMBARQUE: Voo DOM 7 aguardando recursos para desembarcar.
PRIORIDADE: Voo DOM 7 esperando. 1 voo(s) INTL na frente.
DESEMBARQUE: Voo DOM 5 atracou no portao. Desembarcando...
INFO: Voo DOM 10 criado e iniciando procedimentos.
POUSO: Voo DOM 10 aguardando recursos para pousar.
PRIORIDADE: Voo DOM 10 esperando. 1 voo(s) INTL na frente.
INFO: Voo DOM 11 criado e iniciando procedimentos.
POUSO: Voo DOM 11 aguardando recursos para pousar.
PRIORIDADE: Voo DOM 11 esperando. 1 voo(s) INTL na frente.
POUSO: Voo DOM 8 pousou e liberou a pista/torre.
DESEMBARQUE: Voo DOM 8 aguardando recursos para desembarcar.
PRIORIDADE: Voo DOM 8 esperando. 1 voo(s) INTL na frente.
DESEMBARQUE: Voo DOM 4 atracou no portao. Desembarcando...
DESEMBARQUE: Voo DOM 5 finalizou o desembarque e liberou o portao/torre.
DECOLAGEM: Voo DOM 5 aguardando recursos para decolar.
DESEMBARQUE: Voo INTL 6 atracou no portao. Desembarcando...
INFO: Voo DOM 12 criado e iniciando procedimentos.
POUSO: Voo DOM 12 aguardando recursos para pousar.
DESEMBARQUE: Voo DOM 4 finalizou o desembarque e liberou o portao/torre.
DECOLAGEM: Voo DOM 4 aguardando recursos para decolar.
POUSO: Voo DOM 11 obteve recursos. Pousando agora...
INFO: Voo DOM 13 criado e iniciando procedimentos.
POUSO: Voo DOM 13 aguardando recursos para pousar.
DESEMBARQUE: Voo INTL 6 finalizou o desembarque e liberou o portao/torre.
DECOLAGEM: Voo INTL 6 aguardando recursos para decolar.
DESEMBARQUE: Voo DOM 8 atracou no portao. Desembarcando...
POUSO: Voo DOM 11 pousou e liberou a pista/torre.
DESEMBARQUE: Voo DOM 11 aguardando recursos para desembarcar.
PRIORIDADE: Voo DOM 11 esperando. 1 voo(s) INTL na frente.
POUSO: Voo DOM 9 obteve recursos. Pousando agora...
INFO: Voo DOM 14 criado e iniciando procedimentos.
POUSO: Voo DOM 14 aguardando recursos para pousar.
PRIORIDADE: Voo DOM 14 esperando. 1 voo(s) INTL na frente.
POUSO: Voo DOM 9 pousou e liberou a pista/torre.
DESEMBARQUE: Voo DOM 9 aguardando recursos para desembarcar.
PRIORIDADE: Voo DOM 9 esperando. 1 voo(s) INTL na frente.
POUSO: Voo DOM 10 obteve recursos. Pousando agora...
DESEMBARQUE: Voo DOM 8 finalizou o desembarque e liberou o portao/torre.
DECOLAGEM: Voo DOM 8 aguardando recursos para decolar.
PRIORIDADE: Voo DOM 8 esperando. 1 voo(s) INTL na frente.
DESEMBARQUE: Voo DOM 7 atracou no portao. Desembarcando...
INFO: Voo DOM 15 criado e iniciando procedimentos.
POUSO: Voo DOM 15 aguardando recursos para pousar.
PRIORIDADE: Voo DOM 15 esperando. 1 voo(s) INTL na frente.
INFO: Voo DOM 16 criado e iniciando procedimentos.
POUSO: Voo DOM 16 aguardando recursos para pousar.
PRIORIDADE: Voo DOM 16 esperando. 1 voo(s) INTL na frente.
POUSO: Voo DOM 10 pousou e liberou a pista/torre.
DESEMBARQUE: Voo DOM 10 aguardando recursos para desembarcar.
PRIORIDADE: Voo DOM 10 esperando. 1 voo(s) INTL na frente.
DECOLAGEM: Voo DOM 5 obteve recursos. Decolando agora...
DESEMBARQUE: Voo DOM 7 finalizou o desembarque e liberou o portao/torre.
DECOLAGEM: Voo DOM 7 aguardando recursos para decolar.
PRIORIDADE: Voo DOM 7 esperando. 1 voo(s) INTL na frente.
POUSO: Voo DOM 12 obteve recursos. Pousando agora...
INFO: Voo DOM 5 decolou com sucesso e finalizou o ciclo.
DECOLAGEM: Voo DOM 4 obteve recursos. Decolando agora...
INFO: Voo INTL 17 criado e iniciando procedimentos.
POUSO: Voo INTL 17 aguardando recursos para pousar.
POUSO: Voo DOM 12 pousou e liberou a pista/torre.
DESEMBARQUE: Voo DOM 12 aguardando recursos para desembarcar.
PRIORIDADE: Voo DOM 12 esperando. 2 voo(s) INTL na frente.
POUSO: Voo DOM 13 obteve recursos. Pousando agora...
INFO: Voo DOM 18 criado e iniciando procedimentos.
POUSO: Voo DOM 18 aguardando recursos para pousar.
PRIORIDADE: Voo DOM 18 esperando. 2 voo(s) INTL na frente.
INFO: Voo DOM 4 decolou com sucesso e finalizou o ciclo.
DECOLAGEM: Voo INTL 6 obteve recursos. Decolando agora...
POUSO: Voo DOM 13 pousou e liberou a pista/torre.
DESEMBARQUE: Voo DOM 13 aguardando recursos para desembarcar.
POUSO: Voo INTL 17 obteve recursos. Pousando agora...
INFO: Voo INTL 19 criado e iniciando procedimentos.
POUSO: Voo INTL 19 aguardando recursos para pousar.
INFO: Voo INTL 6 decolou com sucesso e finalizou o ciclo.
DECOLAGEM: Voo DOM 7 obteve recursos. Decolando agora...
POUSO: Voo INTL 17 pousou e liberou a pista/torre.
DESEMBARQUE: Voo INTL 17 aguardando recursos para desembarcar.
POUSO: Voo INTL 19 obteve recursos. Pousando agora...
INFO: Voo DOM 7 decolou com sucesso e finalizou o ciclo.
DESEMBARQUE: Voo DOM 9 atracou no portao. Desembarcando...
INFO: Voo DOM 20 criado e iniciando procedimentos.
POUSO: Voo DOM 20 aguardando recursos para pousar.
PRIORIDADE: Voo DOM 20 esperando. 1 voo(s) INTL na frente.
POUSO: Voo INTL 19 pousou e liberou a pista/torre.
DESEMBARQUE: Voo INTL 19 aguardando recursos para desembarcar.
DECOLAGEM: Voo DOM 8 obteve recursos. Decolando agora...
INFO: Voo DOM 21 criado e iniciando procedimentos.
POUSO: Voo DOM 21 aguardando recursos para pousar.
PRIORIDADE: Voo DOM 21 esperando. 2 voo(s) INTL na frente.
INFO: Voo INTL 22 criado e iniciando procedimentos.
POUSO: Voo INTL 22 aguardando recursos para pousar.
DESEMBARQUE: Voo DOM 9 finalizou o desembarque e liberou o portao/torre.
DECOLAGEM: Voo DOM 9 aguardando recursos para decolar.
PRIORIDADE: Voo DOM 9 esperando. 3 voo(s) INTL na frente.
POUSO: Voo DOM 15 obteve recursos. Pousando agora...
INFO: Voo DOM 8 decolou com sucesso e finalizou o ciclo.
POUSO: Voo DOM 16 obteve recursos. Pousando agora...
POUSO: Voo DOM 15 pousou e liberou a pista/torre.
DESEMBARQUE: Voo DOM 15 aguardando recursos para desembarcar.
PRIORIDADE: Voo DOM 15 esperando. 3 voo(s) INTL na frente.
DESEMBARQUE: Voo DOM 10 atracou no portao. Desembarcando...
POUSO: Voo DOM 16 pousou e liberou a pista/torre.
DESEMBARQUE: Voo DOM 16 aguardando recursos para desembarcar.
PRIORIDADE: Voo DOM 16 esperando. 3 voo(s) INTL na frente.
DESEMBARQUE: Voo DOM 12 atracou no portao. Desembarcando...
INFO: Voo INTL 23 criado e iniciando procedimentos.
POUSO: Voo INTL 23 aguardando recursos para pousar.
DESEMBARQUE: Voo DOM 10 finalizou o desembarque e liberou o portao/torre.
DECOLAGEM: Voo DOM 10 aguardando recursos para decolar.
PRIORIDADE: Voo DOM 10 esperando. 4 voo(s) INTL na frente.
POUSO: Voo DOM 18 obteve recursos. Pousando agora...
DESEMBARQUE: Voo DOM 12 finalizou o desembarque e liberou o portao/torre.
DECOLAGEM: Voo DOM 12 aguardando recursos para decolar.
PRIORIDADE: Voo DOM 12 esperando. 4 voo(s) INTL na frente.
DESEMBARQUE: Voo DOM 13 atracou no portao. Desembarcando...
INFO: Voo INTL 24 criado e iniciando procedimentos.
POUSO: Voo INTL 24 aguardando recursos para pousar.
POUSO: Voo DOM 18 pousou e liberou a pista/torre.
DESEMBARQUE: Voo DOM 18 aguardando recursos para desembarcar.
PRIORIDADE: Voo DOM 18 esperando. 4 voo(s) INTL na frente.
POUSO: Voo INTL 24 obteve recursos. Pousando agora...
PRIORIDADE: Voo DOM 20 esperando. 4 voo(s) INTL na frente.
DESEMBARQUE: Voo DOM 13 finalizou o desembarque e liberou o portao/torre.
DECOLAGEM: Voo DOM 13 aguardando recursos para decolar.
PRIORIDADE: Voo DOM 13 esperando. 4 voo(s) INTL na frente.
PRIORIDADE: Voo DOM 21 esperando. 4 voo(s) INTL na frente.
INFO: Voo INTL 25 criado e iniciando procedimentos.
POUSO: Voo INTL 25 aguardando recursos para pousar.
POUSO: Voo DOM 14 obteve recursos. Pousando agora...
POUSO: Voo INTL 24 pousou e liberou a pista/torre.
DESEMBARQUE: Voo INTL 24 aguardando recursos para desembarcar.
DESEMBARQUE: Voo INTL 17 atracou no portao. Desembarcando...
PRIORIDADE: Voo DOM 9 esperando. 5 voo(s) INTL na frente.
INFO: Voo DOM 26 criado e iniciando procedimentos.
POUSO: Voo DOM 26 aguardando recursos para pousar.
PRIORIDADE: Voo DOM 26 esperando. 5 voo(s) INTL na frente.
POUSO: Voo INTL 25 obteve recursos. Pousando agora...
POUSO: Voo DOM 14 pousou e liberou a pista/torre.
DESEMBARQUE: Voo DOM 14 aguardando recursos para desembarcar.
PRIORIDADE: Voo DOM 14 esperando. 4 voo(s) INTL na frente.
PRIORIDADE: Voo DOM 15 esperando. 4 voo(s) INTL na frente.
DESEMBARQUE: Voo INTL 17 finalizou o desembarque e liberou o portao/torre.
DECOLAGEM: Voo INTL 17 aguardando recursos para decolar.
POUSO: Voo INTL 22 obteve recursos. Pousando agora...
PRIORIDADE: Voo DOM 16 esperando. 4 voo(s) INTL na frente.
INFO: Voo DOM 27 criado e iniciando procedimentos.
POUSO: Voo DOM 27 aguardando recursos para pousar.
PRIORIDADE: Voo DOM 27 esperando. 4 voo(s) INTL na frente.
POUSO: Voo INTL 25 pousou e liberou a pista/torre.
DESEMBARQUE: Voo INTL 25 aguardando recursos para desembarcar.
POUSO: Voo INTL 23 obteve recursos. Pousando agora...
POUSO: Voo INTL 22 pousou e liberou a pista/torre.
DESEMBARQUE: Voo INTL 22 aguardando recursos para desembarcar.
DESEMBARQUE: Voo DOM 11 atracou no portao. Desembarcando...
INFO: Voo INTL 28 criado e iniciando procedimentos.
POUSO: Voo INTL 28 aguardando recursos para pousar.
PRIORIDADE: Voo DOM 10 esperando. 6 voo(s) INTL na frente.
POUSO: Voo INTL 23 pousou e liberou a pista/torre.
DESEMBARQUE: Voo INTL 23 aguardando recursos para desembarcar.
DESEMBARQUE: Voo INTL 24 atracou no portao. Desembarcando...
PRIORIDADE: Voo DOM 12 esperando. 6 voo(s) INTL na frente.
INFO: Voo DOM 29 criado e iniciando procedimentos.
POUSO: Voo DOM 29 aguardando recursos para pousar.
PRIORIDADE: Voo DOM 29 esperando. 6 voo(s) INTL na frente.
PRIORIDADE: Voo DOM 18 esperando. 6 voo(s) INTL na frente.
DESEMBARQUE: Voo DOM 11 finalizou o desembarque e liberou o portao/torre.
DECOLAGEM: Voo DOM 11 aguardando recursos para decolar.
PRIORIDADE: Voo DOM 11 esperando. 5 voo(s) INTL na frente.
DESEMBARQUE: Voo INTL 19 atracou no portao. Desembarcando...
PRIORIDADE: Voo DOM 20 esperando. 5 voo(s) INTL na frente.
DESEMBARQUE: Voo INTL 24 finalizou o desembarque e liberou o portao/torre.
DECOLAGEM: Voo INTL 24 aguardando recursos para decolar.
DECOLAGEM: Voo INTL 17 obteve recursos. Decolando agora...
PRIORIDADE: Voo DOM 13 esperando. 5 voo(s) INTL na frente.
PRIORIDADE: Voo DOM 21 esperando. 5 voo(s) INTL na frente.
INFO: Voo DOM 30 criado e iniciando procedimentos.
POUSO: Voo DOM 30 aguardando recursos para pousar.
PRIORIDADE: Voo DOM 30 esperando. 5 voo(s) INTL na frente.
INFO: Voo INTL 31 criado e iniciando procedimentos.
POUSO: Voo INTL 31 aguardando recursos para pousar.
PRIORIDADE: Voo DOM 9 esperando. 6 voo(s) INTL na frente.
DESEMBARQUE: Voo INTL 19 finalizou o desembarque e liberou o portao/torre.
DECOLAGEM: Voo INTL 19 aguardando recursos para decolar.
DESEMBARQUE: Voo INTL 25 atracou no portao. Desembarcando...
INFO: Voo INTL 17 decolou com sucesso e finalizou o ciclo.
DESEMBARQUE: Voo INTL 22 atracou no portao. Desembarcando...
PRIORIDADE: Voo DOM 26 esperando. 5 voo(s) INTL na frente.
PRIORIDADE: Voo DOM 14 esperando. 5 voo(s) INTL na frente.
INFO: Voo DOM 32 criado e iniciando procedimentos.
POUSO: Voo DOM 32 aguardando recursos para pousar.
PRIORIDADE: Voo DOM 32 esperando. 5 voo(s) INTL na frente.
PRIORIDADE: Voo DOM 15 esperando. 5 voo(s) INTL na frente.
PRIORIDADE: Voo DOM 16 esperando. 5 voo(s) INTL na frente.
PRIORIDADE: Voo DOM 27 esperando. 5 voo(s) INTL na frente.
INFO: Voo DOM 33 criado e iniciando procedimentos.
POUSO: Voo DOM 33 aguardando recursos para pousar.
PRIORIDADE: Voo DOM 33 esperando. 5 voo(s) INTL na frente.
DESEMBARQUE: Voo INTL 25 finalizou o desembarque e liberou o portao/torre.
DECOLAGEM: Voo INTL 25 aguardando recursos para decolar.
DESEMBARQUE: Voo INTL 22 finalizou o desembarque e liberou o portao/torre.
DECOLAGEM: Voo INTL 22 aguardando recursos para decolar.
POUSO: Voo INTL 28 obteve recursos. Pousando agora...
DESEMBARQUE: Voo INTL 23 atracou no portao. Desembarcando...
PRIORIDADE: Voo DOM 10 esperando. 5 voo(s) INTL na frente.
PRIORIDADE: Voo DOM 12 esperando. 5 voo(s) INTL na frente.
POUSO: Voo INTL 28 pousou e liberou a pista/torre.
DESEMBARQUE: Voo INTL 28 aguardando recursos para desembarcar.
DECOLAGEM: Voo INTL 24 obteve recursos. Decolando agora...
PRIORIDADE: Voo DOM 29 esperando. 5 voo(s) INTL na frente.
INFO: Voo INTL 34 criado e iniciando procedimentos.
POUSO: Voo INTL 34 aguardando recursos para pousar.
DESEMBARQUE: Voo INTL 23 finalizou o desembarque e liberou o portao/torre.
DECOLAGEM: Voo INTL 23 aguardando recursos para decolar.
POUSO: Voo INTL 31 obteve recursos. Pousando agora...
INFO: Voo DOM 35 criado e iniciando procedimentos.
POUSO: Voo DOM 35 aguardando recursos para pousar.
PRIORIDADE: Voo DOM 35 esperando. 6 voo(s) INTL na frente.
PRIORIDADE: Voo DOM 18 esperando. 6 voo(s) INTL na frente.
PRIORIDADE: Voo DOM 11 esperando. 6 voo(s) INTL na frente.
INFO: Voo INTL 24 decolou com sucesso e finalizou o ciclo.
DECOLAGEM: Voo INTL 19 obteve recursos. Decolando agora...
PRIORIDADE: Voo DOM 20 esperando. 5 voo(s) INTL na frente.
PRIORIDADE: Voo DOM 13 esperando. 5 voo(s) INTL na frente.
POUSO: Voo INTL 31 pousou e liberou a pista/torre.
DESEMBARQUE: Voo INTL 31 aguardando recursos para desembarcar.
DECOLAGEM: Voo INTL 25 obteve recursos. Decolando agora...
PRIORIDADE: Voo DOM 21 esperando. 5 voo(s) INTL na frente.
PRIORIDADE: Voo DOM 30 esperando. 5 voo(s) INTL na frente.
INFO: Voo INTL 19 decolou com sucesso e finalizou o ciclo.
DECOLAGEM: Voo INTL 22 obteve recursos. Decolando agora...
INFO: Voo INTL 36 criado e iniciando procedimentos.
POUSO: Voo INTL 36 aguardando recursos para pousar.
PRIORIDADE: Voo DOM 9 esperando. 5 voo(s) INTL na frente.
INFO: Voo INTL 25 decolou com sucesso e finalizou o ciclo.
POUSO: Voo INTL 36 obteve recursos. Pousando agora...
PRIORIDADE: Voo DOM 26 esperando. 4 voo(s) INTL na frente.
PRIORIDADE: Voo DOM 14 esperando. 4 voo(s) INTL na frente.
INFO: Voo INTL 22 decolou com sucesso e finalizou o ciclo.
POUSO: Voo INTL 34 obteve recursos. Pousando agora...
PRIORIDADE: Voo DOM 32 esperando. 3 voo(s) INTL na frente.
PRIORIDADE: Voo DOM 15 esperando. 3 voo(s) INTL na frente.
PRIORIDADE: Voo DOM 16 esperando. 3 voo(s) INTL na frente.
POUSO: Voo INTL 36 pousou e liberou a pista/torre.
DESEMBARQUE: Voo INTL 36 aguardando recursos para desembarcar.
DECOLAGEM: Voo INTL 23 obteve recursos. Decolando agora...
PRIORIDADE: Voo DOM 27 esperando. 3 voo(s) INTL na frente.
PRIORIDADE: Voo DOM 33 esperando. 3 voo(s) INTL na frente.
INFO: Voo DOM 37 criado e iniciando procedimentos.
POUSO: Voo DOM 37 aguardando recursos para pousar.
PRIORIDADE: Voo DOM 37 esperando. 3 voo(s) INTL na frente.
POUSO: Voo INTL 34 pousou e liberou a pista/torre.
DESEMBARQUE: Voo INTL 34 aguardando recursos para desembarcar.
DESEMBARQUE: Voo INTL 31 atracou no portao. Desembarcando...
INFO: Voo DOM 38 criado e iniciando procedimentos.
POUSO: Voo DOM 38 aguardando recursos para pousar.
PRIORIDADE: Voo DOM 38 esperando. 3 voo(s) INTL na frente.
INFO: Voo INTL 23 decolou com sucesso e finalizou o ciclo.
DESEMBARQUE: Voo INTL 28 atracou no portao. Desembarcando...
PRIORIDADE: Voo DOM 10 esperando. 2 voo(s) INTL na frente.
PRIORIDADE: Voo DOM 12 esperando. 2 voo(s) INTL na frente.
PRIORIDADE: Voo DOM 29 esperando. 2 voo(s) INTL na frente.
DESEMBARQUE: Voo INTL 31 finalizou o desembarque e liberou o portao/torre.
DECOLAGEM: Voo INTL 31 aguardando recursos para decolar.
DESEMBARQUE: Voo INTL 36 atracou no portao. Desembarcando...
INFO: Voo DOM 39 criado e iniciando procedimentos.
POUSO: Voo DOM 39 aguardando recursos para pousar.
PRIORIDADE: Voo DOM 35 esperando. 2 voo(s) INTL na frente.
PRIORIDADE: Voo DOM 39 esperando. 2 voo(s) INTL na frente.
PRIORIDADE: Voo DOM 18 esperando. 2 voo(s) INTL na frente.
PRIORIDADE: Voo DOM 11 esperando. 2 voo(s) INTL na frente.
DESEMBARQUE: Voo INTL 28 finalizou o desembarque e liberou o portao/torre.
DECOLAGEM: Voo INTL 28 aguardando recursos para decolar.
DESEMBARQUE: Voo INTL 34 atracou no portao. Desembarcando...
PRIORIDADE: Voo DOM 20 esperando. 2 voo(s) INTL na frente.
PRIORIDADE: Voo DOM 13 esperando. 2 voo(s) INTL na frente.
PRIORIDADE: Voo DOM 21 esperando. 2 voo(s) INTL na frente.
PRIORIDADE: Voo DOM 30 esperando. 2 voo(s) INTL na frente.
INFO: Voo DOM 40 criado e iniciando procedimentos.
POUSO: Voo DOM 40 aguardando recursos para pousar.
PRIORIDADE: Voo DOM 40 esperando. 2 voo(s) INTL na frente.
DESEMBARQUE: Voo INTL 36 finalizou o desembarque e liberou o portao/torre.
DECOLAGEM: Voo INTL 36 aguardando recursos para decolar.
DECOLAGEM: Voo INTL 31 obteve recursos. Decolando agora...
PRIORIDADE: Voo DOM 9 esperando. 2 voo(s) INTL na frente.
DESEMBARQUE: Voo INTL 34 finalizou o desembarque e liberou o portao/torre.
DECOLAGEM: Voo INTL 34 aguardando recursos para decolar.
DECOLAGEM: Voo INTL 28 obteve recursos. Decolando agora...
PRIORIDADE: Voo DOM 26 esperando. 2 voo(s) INTL na frente.
PRIORIDADE: Voo DOM 14 esperando. 2 voo(s) INTL na frente.
INFO: Voo INTL 31 decolou com sucesso e finalizou o ciclo.
DECOLAGEM: Voo INTL 36 obteve recursos. Decolando agora...
PRIORIDADE: Voo DOM 32 esperando. 1 voo(s) INTL na frente.
INFO: Voo DOM 41 criado e iniciando procedimentos.
POUSO: Voo DOM 41 aguardando recursos para pousar.
PRIORIDADE: Voo DOM 41 esperando. 1 voo(s) INTL na frente.
PRIORIDADE: Voo DOM 15 esperando. 1 voo(s) INTL na frente.
PRIORIDADE: Voo DOM 16 esperando. 1 voo(s) INTL na frente.
INFO: Voo INTL 28 decolou com sucesso e finalizou o ciclo.
DECOLAGEM: Voo INTL 34 obteve recursos. Decolando agora...
INFO: Voo INTL 36 decolou com sucesso e finalizou o ciclo.
DECOLAGEM: Voo DOM 13 obteve recursos. Decolando agora...
INFO: Voo INTL 34 decolou com sucesso e finalizou o ciclo.
DECOLAGEM: Voo DOM 11 obteve recursos. Decolando agora...
INFO: Voo DOM 42 criado e iniciando procedimentos.
POUSO: Voo DOM 42 aguardando recursos para pousar.
DECOLAGEM: Voo DOM 12 obteve recursos. Decolando agora...
INFO: Voo DOM 13 decolou com sucesso e finalizou o ciclo.
INFO: Voo DOM 43 criado e iniciando procedimentos.
POUSO: Voo DOM 43 aguardando recursos para pousar.
INFO: Voo DOM 11 decolou com sucesso e finalizou o ciclo.
POUSO: Voo DOM 27 obteve recursos. Pousando agora...
INFO: Voo DOM 44 criado e iniciando procedimentos.
POUSO: Voo DOM 44 aguardando recursos para pousar.
INFO: Voo DOM 12 decolou com sucesso e finalizou o ciclo.
DECOLAGEM: Voo DOM 10 obteve recursos. Decolando agora...
POUSO: Voo DOM 27 pousou e liberou a pista/torre.
DESEMBARQUE: Voo DOM 27 aguardando recursos para desembarcar.
POUSO: Voo DOM 38 obteve recursos. Pousando agora...
INFO: Voo INTL 45 criado e iniciando procedimentos.
POUSO: Voo INTL 45 aguardando recursos para pousar.
INFO: Voo DOM 10 decolou com sucesso e finalizou o ciclo.
POUSO: Voo INTL 45 obteve recursos. Pousando agora...
POUSO: Voo DOM 38 pousou e liberou a pista/torre.
DESEMBARQUE: Voo DOM 38 aguardando recursos para desembarcar.
POUSO: Voo DOM 29 obteve recursos. Pousando agora...
POUSO: Voo INTL 45 pousou e liberou a pista/torre.
POUSO: Voo DOM 39 obteve recursos. Pousando agora...
DESEMBARQUE: Voo INTL 45 aguardando recursos para desembarcar.
INFO: Voo INTL 46 criado e iniciando procedimentos.
POUSO: Voo INTL 46 aguardando recursos para pousar.
POUSO: Voo DOM 29 pousou e liberou a pista/torre.
DESEMBARQUE: Voo DOM 29 aguardando recursos para desembarcar.
PRIORIDADE: Voo DOM 29 esperando. 2 voo(s) INTL na frente.
DESEMBARQUE: Voo DOM 18 atracou no portao. Desembarcando...
POUSO: Voo DOM 39 pousou e liberou a pista/torre.
DESEMBARQUE: Voo DOM 39 aguardando recursos para desembarcar.
PRIORIDADE: Voo DOM 39 esperando. 2 voo(s) INTL na frente.
POUSO: Voo DOM 20 obteve recursos. Pousando agora...
INFO: Voo INTL 47 criado e iniciando procedimentos.
POUSO: Voo INTL 47 aguardando recursos para pousar.
DESEMBARQUE: Voo DOM 18 finalizou o desembarque e liberou o portao/torre.
DECOLAGEM: Voo DOM 18 aguardando recursos para decolar.
PRIORIDADE: Voo DOM 18 esperando. 3 voo(s) INTL na frente.
POUSO: Voo DOM 20 pousou e liberou a pista/torre.
DESEMBARQUE: Voo DOM 20 aguardando recursos para desembarcar.
PRIORIDADE: Voo DOM 20 esperando. 3 voo(s) INTL na frente.
POUSO: Voo DOM 40 obteve recursos. Pousando agora...
INFO: Voo DOM 48 criado e iniciando procedimentos.
POUSO: Voo DOM 48 aguardando recursos para pousar.
PRIORIDADE: Voo DOM 48 esperando. 3 voo(s) INTL na frente.
POUSO: Voo DOM 40 pousou e liberou a pista/torre.
DESEMBARQUE: Voo DOM 40 aguardando recursos para desembarcar.
PRIORIDADE: Voo DOM 40 esperando. 3 voo(s) INTL na frente.
POUSO: Voo DOM 30 obteve recursos. Pousando agora...
INFO: Voo INTL 49 criado e iniciando procedimentos.
POUSO: Voo INTL 49 aguardando recursos para pousar.
POUSO: Voo DOM 30 pousou e liberou a pista/torre.
DESEMBARQUE: Voo DOM 30 aguardando recursos para desembarcar.
PRIORIDADE: Voo DOM 30 esperando. 4 voo(s) INTL na frente.
INFO: Voo INTL 50 criado e iniciando procedimentos.
POUSO: Voo INTL 50 aguardando recursos para pousar.
PRIORIDADE: Voo DOM 29 esperando. 5 voo(s) INTL na frente.
PRIORIDADE: Voo DOM 39 esperando. 5 voo(s) INTL na frente.
INFO: Voo DOM 51 criado e iniciando procedimentos.
POUSO: Voo DOM 51 aguardando recursos para pousar.
PRIORIDADE: Voo DOM 51 esperando. 5 voo(s) INTL na frente.
PRIORIDADE: Voo DOM 18 esperando. 5 voo(s) INTL na frente.
PRIORIDADE: Voo DOM 20 esperando. 5 voo(s) INTL na frente.
INFO: Voo DOM 52 criado e iniciando procedimentos.
POUSO: Voo DOM 52 aguardando recursos para pousar.
PRIORIDADE: Voo DOM 48 esperando. 5 voo(s) INTL na frente.
PRIORIDADE: Voo DOM 52 esperando. 5 voo(s) INTL na frente.
INFO: Voo INTL 53 criado e iniciando procedimentos.
POUSO: Voo INTL 53 aguardando recursos para pousar.
PRIORIDADE: Voo DOM 40 esperando. 6 voo(s) INTL na frente.
INFO: Voo INTL 54 criado e iniciando procedimentos.
POUSO: Voo INTL 54 aguardando recursos para pousar.
INFO: Voo INTL 55 criado e iniciando procedimentos.
POUSO: Voo INTL 55 aguardando recursos para pousar.
PRIORIDADE: Voo DOM 30 esperando. 8 voo(s) INTL na frente.
INFO: Voo INTL 56 criado e iniciando procedimentos.
POUSO: Voo INTL 56 aguardando recursos para pousar.
PRIORIDADE: Voo DOM 29 esperando. 9 voo(s) INTL na frente.
INFO: Voo INTL 57 criado e iniciando procedimentos.
POUSO: Voo INTL 57 aguardando recursos para pousar.
PRIORIDADE: Voo DOM 39 esperando. 10 voo(s) INTL na frente.
PRIORIDADE: Voo DOM 51 esperando. 10 voo(s) INTL na frente.
PRIORIDADE: Voo DOM 18 esperando. 10 voo(s) INTL na frente.
PRIORIDADE: Voo DOM 20 esperando. 10 voo(s) INTL na frente.
PRIORIDADE: Voo DOM 48 esperando. 10 voo(s) INTL na frente.
PRIORIDADE: Voo DOM 52 esperando. 10 voo(s) INTL na frente.
INFO: Voo INTL 58 criado e iniciando procedimentos.
POUSO: Voo INTL 58 aguardando recursos para pousar.
PRIORIDADE: Voo DOM 40 esperando. 11 voo(s) INTL na frente.
INFO: Voo INTL 59 criado e iniciando procedimentos.
POUSO: Voo INTL 59 aguardando recursos para pousar.
INFO: Voo DOM 60 criado e iniciando procedimentos.
POUSO: Voo DOM 60 aguardando recursos para pousar.
PRIORIDADE: Voo DOM 60 esperando. 12 voo(s) INTL na frente.
PRIORIDADE: Voo DOM 30 esperando. 12 voo(s) INTL na frente.
INFO: Voo INTL 61 criado e iniciando procedimentos.
POUSO: Voo INTL 61 aguardando recursos para pousar.
PRIORIDADE: Voo DOM 29 esperando. 13 voo(s) INTL na frente.
INFO: Voo DOM 62 criado e iniciando procedimentos.
POUSO: Voo DOM 62 aguardando recursos para pousar.
PRIORIDADE: Voo DOM 62 esperando. 13 voo(s) INTL na frente.
PRIORIDADE: Voo DOM 39 esperando. 13 voo(s) INTL na frente.
PRIORIDADE: Voo DOM 51 esperando. 13 voo(s) INTL na frente.
INFO: Voo INTL 63 criado e iniciando procedimentos.
POUSO: Voo INTL 63 aguardando recursos para pousar.
PRIORIDADE: Voo DOM 18 esperando. 14 voo(s) INTL na frente.
PRIORIDADE: Voo DOM 20 esperando. 14 voo(s) INTL na frente.
PRIORIDADE: Voo DOM 48 esperando. 14 voo(s) INTL na frente.
PRIORIDADE: Voo DOM 52 esperando. 14 voo(s) INTL na frente.
PRIORIDADE: Voo DOM 40 esperando. 14 voo(s) INTL na frente.
INFO: Voo DOM 64 criado e iniciando procedimentos.
POUSO: Voo DOM 64 aguardando recursos para pousar.
PRIORIDADE: Voo DOM 64 esperando. 14 voo(s) INTL na frente.
PRIORIDADE: Voo DOM 60 esperando. 14 voo(s) INTL na frente.
PRIORIDADE: Voo DOM 30 esperando. 14 voo(s) INTL na frente.
INFO: Voo DOM 65 criado e iniciando procedimentos.
POUSO: Voo DOM 65 aguardando recursos para pousar.
PRIORIDADE: Voo DOM 65 esperando. 14 voo(s) INTL na frente.
INFO: Voo DOM 66 criado e iniciando procedimentos.
POUSO: Voo DOM 66 aguardando recursos para pousar.
PRIORIDADE: Voo DOM 66 esperando. 14 voo(s) INTL na frente.
PRIORIDADE: Voo DOM 29 esperando. 14 voo(s) INTL na frente.
PRIORIDADE: Voo DOM 62 esperando. 14 voo(s) INTL na frente.
INFO: Voo DOM 67 criado e iniciando procedimentos.
POUSO: Voo DOM 67 aguardando recursos para pousar.
PRIORIDADE: Voo DOM 67 esperando. 14 voo(s) INTL na frente.
PRIORIDADE: Voo DOM 39 esperando. 14 voo(s) INTL na frente.
PRIORIDADE: Voo DOM 51 esperando. 14 voo(s) INTL na frente.
PRIORIDADE: Voo DOM 18 esperando. 14 voo(s) INTL na frente.
PRIORIDADE: Voo DOM 20 esperando. 14 voo(s) INTL na frente.
PRIORIDADE: Voo DOM 48 esperando. 14 voo(s) INTL na frente.
PRIORIDADE: Voo DOM 52 esperando. 14 voo(s) INTL na frente.
INFO: Voo INTL 68 criado e iniciando procedimentos.
POUSO: Voo INTL 68 aguardando recursos para pousar.
INFO: Voo DOM 69 criado e iniciando procedimentos.
POUSO: Voo DOM 69 aguardando recursos para pousar.
PRIORIDADE: Voo DOM 69 esperando. 15 voo(s) INTL na frente.
PRIORIDADE: Voo DOM 40 esperando. 15 voo(s) INTL na frente.
PRIORIDADE: Voo DOM 64 esperando. 15 voo(s) INTL na frente.
INFO: Voo INTL 70 criado e iniciando procedimentos.
POUSO: Voo INTL 70 aguardando recursos para pousar.
PRIORIDADE: Voo DOM 60 esperando. 16 voo(s) INTL na frente.
PRIORIDADE: Voo DOM 30 esperando. 16 voo(s) INTL na frente.
PRIORIDADE: Voo DOM 65 esperando. 16 voo(s) INTL na frente.
INFO: Voo DOM 71 criado e iniciando procedimentos.
POUSO: Voo DOM 71 aguardando recursos para pousar.
PRIORIDADE: Voo DOM 71 esperando. 16 voo(s) INTL na frente.
PRIORIDADE: Voo DOM 66 esperando. 16 voo(s) INTL na frente.
PRIORIDADE: Voo DOM 29 esperando. 16 voo(s) INTL na frente.
PRIORIDADE: Voo DOM 62 esperando. 16 voo(s) INTL na frente.
PRIORIDADE: Voo DOM 67 esperando. 16 voo(s) INTL na frente.
INFO: Voo DOM 72 criado e iniciando procedimentos.
POUSO: Voo DOM 72 aguardando recursos para pousar.
PRIORIDADE: Voo DOM 72 esperando. 16 voo(s) INTL na frente.
PRIORIDADE: Voo DOM 39 esperando. 16 voo(s) INTL na frente.
PRIORIDADE: Voo DOM 51 esperando. 16 voo(s) INTL na frente.
INFO: Voo INTL 73 criado e iniciando procedimentos.
POUSO: Voo INTL 73 aguardando recursos para pousar.
INFO: Voo INTL 74 criado e iniciando procedimentos.
POUSO: Voo INTL 74 aguardando recursos para pousar.
PRIORIDADE: Voo DOM 18 esperando. 18 voo(s) INTL na frente.
PRIORIDADE: Voo DOM 20 esperando. 18 voo(s) INTL na frente.
PRIORIDADE: Voo DOM 48 esperando. 18 voo(s) INTL na frente.
PRIORIDADE: Voo DOM 52 esperando. 18 voo(s) INTL na frente.
PRIORIDADE: Voo DOM 69 esperando. 18 voo(s) INTL na frente.
PRIORIDADE: Voo DOM 40 esperando. 18 voo(s) INTL na frente.
PRIORIDADE: Voo DOM 64 esperando. 18 voo(s) INTL na frente.
INFO: Voo DOM 75 criado e iniciando procedimentos.
POUSO: Voo DOM 75 aguardando recursos para pousar.
PRIORIDADE: Voo DOM 75 esperando. 18 voo(s) INTL na frente.
PRIORIDADE: Voo DOM 60 esperando. 18 voo(s) INTL na frente.
PRIORIDADE: Voo DOM 30 esperando. 18 voo(s) INTL na frente.
PRIORIDADE: Voo DOM 65 esperando. 18 voo(s) INTL na frente.
PRIORIDADE: Voo DOM 71 esperando. 18 voo(s) INTL na frente.
INFO: Voo INTL 76 criado e iniciando procedimentos.
POUSO: Voo INTL 76 aguardando recursos para pousar.
PRIORIDADE: Voo DOM 66 esperando. 19 voo(s) INTL na frente.
INFO: Voo INTL 77 criado e iniciando procedimentos.
POUSO: Voo INTL 77 aguardando recursos para pousar.
PRIORIDADE: Voo DOM 29 esperando. 20 voo(s) INTL na frente.
PRIORIDADE: Voo DOM 62 esperando. 20 voo(s) INTL na frente.
PRIORIDADE: Voo DOM 67 esperando. 20 voo(s) INTL na frente.
PRIORIDADE: Voo DOM 72 esperando. 20 voo(s) INTL na frente.
PRIORIDADE: Voo DOM 39 esperando. 20 voo(s) INTL na frente.
PRIORIDADE: Voo DOM 51 esperando. 20 voo(s) INTL na frente.
INFO: Voo DOM 78 criado e iniciando procedimentos.
POUSO: Voo DOM 78 aguardando recursos para pousar.
PRIORIDADE: Voo DOM 78 esperando. 20 voo(s) INTL na frente.
PRIORIDADE: Voo DOM 18 esperando. 20 voo(s) INTL na frente.
PRIORIDADE: Voo DOM 20 esperando. 20 voo(s) INTL na frente.
PRIORIDADE: Voo DOM 48 esperando. 20 voo(s) INTL na frente.
PRIORIDADE: Voo DOM 52 esperando. 20 voo(s) INTL na frente.
PRIORIDADE: Voo DOM 69 esperando. 20 voo(s) INTL na frente.
PRIORIDADE: Voo DOM 40 esperando. 20 voo(s) INTL na frente.
PRIORIDADE: Voo DOM 64 esperando. 20 voo(s) INTL na frente.
PRIORIDADE: Voo DOM 75 esperando. 20 voo(s) INTL na frente.
INFO: Voo DOM 79 criado e iniciando procedimentos.
POUSO: Voo DOM 79 aguardando recursos para pousar.
PRIORIDADE: Voo DOM 79 esperando. 20 voo(s) INTL na frente.
PRIORIDADE: Voo DOM 60 esperando. 20 voo(s) INTL na frente.
INFO: Voo DOM 80 criado e iniciando procedimentos.
POUSO: Voo DOM 80 aguardando recursos para pousar.
PRIORIDADE: Voo DOM 80 esperando. 20 voo(s) INTL na frente.
PRIORIDADE: Voo DOM 30 esperando. 20 voo(s) INTL na frente.
PRIORIDADE: Voo DOM 65 esperando. 20 voo(s) INTL na frente.
INFO: Voo DOM 81 criado e iniciando procedimentos.
POUSO: Voo DOM 81 aguardando recursos para pousar.
PRIORIDADE: Voo DOM 81 esperando. 20 voo(s) INTL na frente.
PRIORIDADE: Voo DOM 71 esperando. 20 voo(s) INTL na frente.
PRIORIDADE: Voo DOM 66 esperando. 20 voo(s) INTL na frente.
ALERTA: Voo DOM 29 em estado critico de espera! (70s)
PRIORIDADE: Voo DOM 29 esperando. 20 voo(s) INTL na frente.
PRIORIDADE: Voo DOM 62 esperando. 20 voo(s) INTL na frente.
PRIORIDADE: Voo DOM 67 esperando. 20 voo(s) INTL na frente.
PRIORIDADE: Voo DOM 72 esperando. 20 voo(s) INTL na frente.
INFO: Voo DOM 82 criado e iniciando procedimentos.
POUSO: Voo DOM 82 aguardando recursos para pousar.
PRIORIDADE: Voo DOM 82 esperando. 20 voo(s) INTL na frente.
ALERTA: Voo DOM 39 em estado critico de espera! (70s)
PRIORIDADE: Voo DOM 39 esperando. 20 voo(s) INTL na frente.
PRIORIDADE: Voo DOM 51 esperando. 20 voo(s) INTL na frente.
INFO: Voo DOM 83 criado e iniciando procedimentos.
POUSO: Voo DOM 83 aguardando recursos para pousar.
PRIORIDADE: Voo DOM 83 esperando. 20 voo(s) INTL na frente.
PRIORIDADE: Voo DOM 78 esperando. 20 voo(s) INTL na frente.
INFO: Voo DOM 84 criado e iniciando procedimentos.
POUSO: Voo DOM 84 aguardando recursos para pousar.
PRIORIDADE: Voo DOM 84 esperando. 20 voo(s) INTL na frente.
ALERTA: Voo DOM 18 em estado critico de espera! (70s)
PRIORIDADE: Voo DOM 18 esperando. 20 voo(s) INTL na frente.
ALERTA: Voo DOM 20 em estado critico de espera! (70s)
PRIORIDADE: Voo DOM 20 esperando. 20 voo(s) INTL na frente.
ALERTA: Voo DOM 48 em estado critico de espera! (70s)
PRIORIDADE: Voo DOM 48 esperando. 20 voo(s) INTL na frente.
PRIORIDADE: Voo DOM 52 esperando. 20 voo(s) INTL na frente.
INFO: Voo DOM 85 criado e iniciando procedimentos.
POUSO: Voo DOM 85 aguardando recursos para pousar.
PRIORIDADE: Voo DOM 85 esperando. 20 voo(s) INTL na frente.
PRIORIDADE: Voo DOM 69 esperando. 20 voo(s) INTL na frente.
ALERTA: Voo DOM 40 em estado critico de espera! (70s)
PRIORIDADE: Voo DOM 40 esperando. 20 voo(s) INTL na frente.
PRIORIDADE: Voo DOM 64 esperando. 20 voo(s) INTL na frente.
PRIORIDADE: Voo DOM 75 esperando. 20 voo(s) INTL na frente.
PRIORIDADE: Voo DOM 79 esperando. 20 voo(s) INTL na frente.
INFO: Voo INTL 86 criado e iniciando procedimentos.
POUSO: Voo INTL 86 aguardando recursos para pousar.
PRIORIDADE: Voo DOM 60 esperando. 21 voo(s) INTL na frente.
PRIORIDADE: Voo DOM 80 esperando. 21 voo(s) INTL na frente.
INFO: Voo DOM 87 criado e iniciando procedimentos.
POUSO: Voo DOM 87 aguardando recursos para pousar.
PRIORIDADE: Voo DOM 87 esperando. 21 voo(s) INTL na frente.
ALERTA: Voo DOM 30 em estado critico de espera! (70s)
PRIORIDADE: Voo DOM 30 esperando. 21 voo(s) INTL na frente.
PRIORIDADE: Voo DOM 65 esperando. 21 voo(s) INTL na frente.
PRIORIDADE: Voo DOM 81 esperando. 21 voo(s) INTL na frente.
INFO: Voo INTL 88 criado e iniciando procedimentos.
POUSO: Voo INTL 88 aguardando recursos para pousar.
PRIORIDADE: Voo DOM 71 esperando. 22 voo(s) INTL na frente.
PRIORIDADE: Voo DOM 66 esperando. 22 voo(s) INTL na frente.
ALERTA: Voo DOM 29 em estado critico de espera! (80s)
PRIORIDADE: Voo DOM 29 esperando. 22 voo(s) INTL na frente.
PRIORIDADE: Voo DOM 62 esperando. 22 voo(s) INTL na frente.
PRIORIDADE: Voo DOM 67 esperando. 22 voo(s) INTL na frente.
PRIORIDADE: Voo DOM 72 esperando. 22 voo(s) INTL na frente.
PRIORIDADE: Voo DOM 82 esperando. 22 voo(s) INTL na frente.
INFO: Voo DOM 89 criado e iniciando procedimentos.
POUSO: Voo DOM 89 aguardando recursos para pousar.
PRIORIDADE: Voo DOM 89 esperando. 22 voo(s) INTL na frente.
ALERTA: Voo DOM 39 em estado critico de espera! (80s)
PRIORIDADE: Voo DOM 39 esperando. 22 voo(s) INTL na frente.
ALERTA: Voo DOM 51 em estado critico de espera! (70s)
PRIORIDADE: Voo DOM 51 esperando. 22 voo(s) INTL na frente.
PRIORIDADE: Voo DOM 83 esperando. 22 voo(s) INTL na frente.
PRIORIDADE: Voo DOM 78 esperando. 22 voo(s) INTL na frente.
PRIORIDADE: Voo DOM 84 esperando. 22 voo(s) INTL na frente.
ALERTA: Voo DOM 18 em estado critico de espera! (80s)
PRIORIDADE: Voo DOM 18 esperando. 22 voo(s) INTL na frente.
ALERTA: Voo DOM 20 em estado critico de espera! (80s)
PRIORIDADE: Voo DOM 20 esperando. 22 voo(s) INTL na frente.
ALERTA: Voo DOM 48 em estado critico de espera! (80s)
PRIORIDADE: Voo DOM 48 esperando. 22 voo(s) INTL na frente.
ALERTA: Voo DOM 52 em estado critico de espera! (70s)
PRIORIDADE: Voo DOM 52 esperando. 22 voo(s) INTL na frente.
PRIORIDADE: Voo DOM 85 esperando. 22 voo(s) INTL na frente.
INFO: Voo DOM 90 criado e iniciando procedimentos.
POUSO: Voo DOM 90 aguardando recursos para pousar.
PRIORIDADE: Voo DOM 90 esperando. 22 voo(s) INTL na frente.
PRIORIDADE: Voo DOM 69 esperando. 22 voo(s) INTL na frente.
ALERTA: Voo DOM 40 em estado critico de espera! (80s)
PRIORIDADE: Voo DOM 40 esperando. 22 voo(s) INTL na frente.
PRIORIDADE: Voo DOM 64 esperando. 22 voo(s) INTL na frente.
PRIORIDADE: Voo DOM 75 esperando. 22 voo(s) INTL na frente.
PRIORIDADE: Voo DOM 79 esperando. 22 voo(s) INTL na frente.
INFO: Voo DOM 91 criado e iniciando procedimentos.
POUSO: Voo DOM 91 aguardando recursos para pousar.
PRIORIDADE: Voo DOM 91 esperando. 22 voo(s) INTL na frente.
PRIORIDADE: Voo DOM 60 esperando. 22 voo(s) INTL na frente.
PRIORIDADE: Voo DOM 80 esperando. 22 voo(s) INTL na frente.
PRIORIDADE: Voo DOM 87 esperando. 22 voo(s) INTL na frente.
ALERTA: Voo DOM 30 em estado critico de espera! (80s)
PRIORIDADE: Voo DOM 30 esperando. 22 voo(s) INTL na frente.
PRIORIDADE: Voo DOM 65 esperando. 22 voo(s) INTL na frente.
PRIORIDADE: Voo DOM 81 esperando. 22 voo(s) INTL na frente.
INFO: Voo INTL 92 criado e iniciando procedimentos.
POUSO: Voo INTL 92 aguardando recursos para pousar.
PRIORIDADE: Voo DOM 71 esperando. 23 voo(s) INTL na frente.
PRIORIDADE: Voo DOM 66 esperando. 23 voo(s) INTL na frente.
ALERTA: Voo DOM 29 em estado critico de espera! (90s)
PRIORIDADE: Voo DOM 29 esperando. 23 voo(s) INTL na frente.
PRIORIDADE: Voo DOM 62 esperando. 23 voo(s) INTL na frente.
PRIORIDADE: Voo DOM 67 esperando. 23 voo(s) INTL na frente.
PRIORIDADE: Voo DOM 72 esperando. 23 voo(s) INTL na frente.
PRIORIDADE: Voo DOM 82 esperando. 23 voo(s) INTL na frente.
PRIORIDADE: Voo DOM 89 esperando. 23 voo(s) INTL na frente.
INFO: Voo DOM 93 criado e iniciando procedimentos.
POUSO: Voo DOM 93 aguardando recursos para pousar.
PRIORIDADE: Voo DOM 93 esperando. 23 voo(s) INTL na frente.
ALERTA: Voo DOM 39 em estado critico de espera! (90s)
PRIORIDADE: Voo DOM 39 esperando. 23 voo(s) INTL na frente.
ALERTA: Voo DOM 51 em estado critico de espera! (80s)
PRIORIDADE: Voo DOM 51 esperando. 23 voo(s) INTL na frente.
PRIORIDADE: Voo DOM 83 esperando. 23 voo(s) INTL na frente.
PRIORIDADE: Voo DOM 78 esperando. 23 voo(s) INTL na frente.
PRIORIDADE: Voo DOM 84 esperando. 23 voo(s) INTL na frente.
INFO: Voo INTL 94 criado e iniciando procedimentos.
POUSO: Voo INTL 94 aguardando recursos para pousar.
ALERTA: Voo DOM 18 em estado critico de espera! (90s)
PRIORIDADE: Voo DOM 18 esperando. 24 voo(s) INTL na frente.
ALERTA: Voo DOM 20 em estado critico de espera! (90s)
PRIORIDADE: Voo DOM 20 esperando. 24 voo(s) INTL na frente.
ALERTA: Voo DOM 48 em estado critico de espera! (90s)
PRIORIDADE: Voo DOM 48 esperando. 24 voo(s) INTL na frente.
ALERTA: Voo DOM 52 em estado critico de espera! (80s)
PRIORIDADE: Voo DOM 52 esperando. 24 voo(s) INTL na frente.
PRIORIDADE: Voo DOM 85 esperando. 24 voo(s) INTL na frente.
PRIORIDADE: Voo DOM 90 esperando. 24 voo(s) INTL na frente.
PRIORIDADE: Voo DOM 69 esperando. 24 voo(s) INTL na frente.
INFO: Voo INTL 95 criado e iniciando procedimentos.
POUSO: Voo INTL 95 aguardando recursos para pousar.
ALERTA: Voo DOM 40 em estado critico de espera! (90s)
PRIORIDADE: Voo DOM 40 esperando. 25 voo(s) INTL na frente.
PRIORIDADE: Voo DOM 64 esperando. 25 voo(s) INTL na frente.
PRIORIDADE: Voo DOM 75 esperando. 25 voo(s) INTL na frente.
PRIORIDADE: Voo DOM 79 esperando. 25 voo(s) INTL na frente.
PRIORIDADE: Voo DOM 91 esperando. 25 voo(s) INTL na frente.
ALERTA: Voo DOM 60 em estado critico de espera! (70s)
PRIORIDADE: Voo DOM 60 esperando. 25 voo(s) INTL na frente.
PRIORIDADE: Voo DOM 80 esperando. 25 voo(s) INTL na frente.
PRIORIDADE: Voo DOM 87 esperando. 25 voo(s) INTL na frente.
INFO: Voo DOM 96 criado e iniciando procedimentos.
POUSO: Voo DOM 96 aguardando recursos para pousar.
PRIORIDADE: Voo DOM 96 esperando. 25 voo(s) INTL na frente.
ALERTA: Voo DOM 30 em estado critico de espera! (90s)
PRIORIDADE: Voo DOM 30 esperando. 25 voo(s) INTL na frente.
PRIORIDADE: Voo DOM 65 esperando. 25 voo(s) INTL na frente.
PRIORIDADE: Voo DOM 81 esperando. 25 voo(s) INTL na frente.
INFO: Voo DOM 97 criado e iniciando procedimentos.
POUSO: Voo DOM 97 aguardando recursos para pousar.
PRIORIDADE: Voo DOM 97 esperando. 25 voo(s) INTL na frente.
PRIORIDADE: Voo DOM 71 esperando. 25 voo(s) INTL na frente.
PRIORIDADE: Voo DOM 66 esperando. 25 voo(s) INTL na frente.
STARVATION: Voo DOM 29 caiu por excesso de tempo de espera! (100s)
ALERTA: Voo DOM 62 em estado critico de espera! (70s)
PRIORIDADE: Voo DOM 62 esperando. 25 voo(s) INTL na frente.
PRIORIDADE: Voo DOM 67 esperando. 25 voo(s) INTL na frente.
PRIORIDADE: Voo DOM 72 esperando. 25 voo(s) INTL na frente.
PRIORIDADE: Voo DOM 82 esperando. 25 voo(s) INTL na frente.
PRIORIDADE: Voo DOM 89 esperando. 25 voo(s) INTL na frente.
PRIORIDADE: Voo DOM 93 esperando. 25 voo(s) INTL na frente.
INFO: Voo DOM 98 criado e iniciando procedimentos.
POUSO: Voo DOM 98 aguardando recursos para pousar.
PRIORIDADE: Voo DOM 98 esperando. 25 voo(s) INTL na frente.
STARVATION: Voo DOM 39 caiu por excesso de tempo de espera! (100s)
ALERTA: Voo DOM 51 em estado critico de espera! (90s)
PRIORIDADE: Voo DOM 51 esperando. 25 voo(s) INTL na frente.
PRIORIDADE: Voo DOM 83 esperando. 25 voo(s) INTL na frente.
INFO: Voo INTL 99 criado e iniciando procedimentos.
POUSO: Voo INTL 99 aguardando recursos para pousar.
PRIORIDADE: Voo DOM 78 esperando. 26 voo(s) INTL na frente.
PRIORIDADE: Voo DOM 84 esperando. 26 voo(s) INTL na frente.
INFO: Voo DOM 100 criado e iniciando procedimentos.
POUSO: Voo DOM 100 aguardando recursos para pousar.
PRIORIDADE: Voo DOM 100 esperando. 26 voo(s) INTL na frente.
STARVATION: Voo DOM 18 caiu por excesso de tempo de espera! (100s)
STARVATION: Voo DOM 20 caiu por excesso de tempo de espera! (100s)
STARVATION: Voo DOM 48 caiu por excesso de tempo de espera! (100s)
ALERTA: Voo DOM 52 em estado critico de espera! (90s)
PRIORIDADE: Voo DOM 52 esperando. 26 voo(s) INTL na frente.
PRIORIDADE: Voo DOM 85 esperando. 26 voo(s) INTL na frente.
PRIORIDADE: Voo DOM 90 esperando. 26 voo(s) INTL na frente.
PRIORIDADE: Voo DOM 69 esperando. 26 voo(s) INTL na frente.
INFO: Voo INTL 101 criado e iniciando procedimentos.
POUSO: Voo INTL 101 aguardando recursos para pousar.
STARVATION: Voo DOM 40 caiu por excesso de tempo de espera! (100s)
ALERTA: Voo DOM 64 em estado critico de espera! (70s)
PRIORIDADE: Voo DOM 64 esperando. 27 voo(s) INTL na frente.
PRIORIDADE: Voo DOM 75 esperando. 27 voo(s) INTL na frente.
PRIORIDADE: Voo DOM 79 esperando. 27 voo(s) INTL na frente.
PRIORIDADE: Voo DOM 91 esperando. 27 voo(s) INTL na frente.
INFO: Voo INTL 102 criado e iniciando procedimentos.
POUSO: Voo INTL 102 aguardando recursos para pousar.
ALERTA: Voo DOM 60 em estado critico de espera! (80s)
PRIORIDADE: Voo DOM 60 esperando. 28 voo(s) INTL na frente.
PRIORIDADE: Voo DOM 80 esperando. 28 voo(s) INTL na frente.
PRIORIDADE: Voo DOM 87 esperando. 28 voo(s) INTL na frente.
PRIORIDADE: Voo DOM 96 esperando. 28 voo(s) INTL na frente.
STARVATION: Voo DOM 30 caiu por excesso de tempo de espera! (100s)
ALERTA: Voo DOM 65 em estado critico de espera! (70s)
PRIORIDADE: Voo DOM 65 esperando. 28 voo(s) INTL na frente.
PRIORIDADE: Voo DOM 81 esperando. 28 voo(s) INTL na frente.
PRIORIDADE: Voo DOM 97 esperando. 28 voo(s) INTL na frente.
PRIORIDADE: Voo DOM 71 esperando. 28 voo(s) INTL na frente.
INFO: Voo DOM 103 criado e iniciando procedimentos.
POUSO: Voo DOM 103 aguardando recursos para pousar.
PRIORIDADE: Voo DOM 103 esperando. 28 voo(s) INTL na frente.
ALERTA: Voo DOM 66 em estado critico de espera! (70s)
PRIORIDADE: Voo DOM 66 esperando. 28 voo(s) INTL na frente.
INFO: Voo INTL 104 criado e iniciando procedimentos.
POUSO: Voo INTL 104 aguardando recursos para pousar.
ALERTA: Voo DOM 62 em estado critico de espera! (80s)
PRIORIDADE: Voo DOM 62 esperando. 29 voo(s) INTL na frente.
ALERTA: Voo DOM 67 em estado critico de espera! (70s)
PRIORIDADE: Voo DOM 67 esperando. 29 voo(s) INTL na frente.
PRIORIDADE: Voo DOM 72 esperando. 29 voo(s) INTL na frente.
PRIORIDADE: Voo DOM 82 esperando. 29 voo(s) INTL na frente.
PRIORIDADE: Voo DOM 89 esperando. 29 voo(s) INTL na frente.
PRIORIDADE: Voo DOM 93 esperando. 29 voo(s) INTL na frente.
PRIORIDADE: Voo DOM 98 esperando. 29 voo(s) INTL na frente.
STARVATION: Voo DOM 51 caiu por excesso de tempo de espera! (100s)
INFO: Voo DOM 105 criado e iniciando procedimentos.
POUSO: Voo DOM 105 aguardando recursos para pousar.
PRIORIDADE: Voo DOM 105 esperando. 29 voo(s) INTL na frente.
PRIORIDADE: Voo DOM 83 esperando. 29 voo(s) INTL na frente.
PRIORIDADE: Voo DOM 84 esperando. 29 voo(s) INTL na frente.
PRIORIDADE: Voo DOM 78 esperando. 29 voo(s) INTL na frente.
PRIORIDADE: Voo DOM 100 esperando. 29 voo(s) INTL na frente.
STARVATION: Voo DOM 52 caiu por excesso de tempo de espera! (100s)
PRIORIDADE: Voo DOM 90 esperando. 29 voo(s) INTL na frente.
PRIORIDADE: Voo DOM 85 esperando. 29 voo(s) INTL na frente.
INFO: Voo DOM 106 criado e iniciando procedimentos.
POUSO: Voo DOM 106 aguardando recursos para pousar.
PRIORIDADE: Voo DOM 106 esperando. 29 voo(s) INTL na frente.
ALERTA: Voo DOM 69 em estado critico de espera! (70s)
PRIORIDADE: Voo DOM 69 esperando. 29 voo(s) INTL na frente.
ALERTA: Voo DOM 64 em estado critico de espera! (80s)
PRIORIDADE: Voo DOM 64 esperando. 29 voo(s) INTL na frente.
PRIORIDADE: Voo DOM 75 esperando. 29 voo(s) INTL na frente.
PRIORIDADE: Voo DOM 79 esperando. 29 voo(s) INTL na frente.
PRIORIDADE: Voo DOM 91 esperando. 29 voo(s) INTL na frente.
ALERTA: Voo DOM 60 em estado critico de espera! (90s)
PRIORIDADE: Voo DOM 60 esperando. 29 voo(s) INTL na frente.
PRIORIDADE: Voo DOM 80 esperando. 29 voo(s) INTL na frente.
PRIORIDADE: Voo DOM 87 esperando. 29 voo(s) INTL na frente.
PRIORIDADE: Voo DOM 96 esperando. 29 voo(s) INTL na frente.
ALERTA: Voo DOM 65 em estado critico de espera! (80s)
PRIORIDADE: Voo DOM 65 esperando. 29 voo(s) INTL na frente.
PRIORIDADE: Voo DOM 81 esperando. 29 voo(s) INTL na frente.
PRIORIDADE: Voo DOM 97 esperando. 29 voo(s) INTL na frente.
INFO: Voo DOM 107 criado e iniciando procedimentos.
POUSO: Voo DOM 107 aguardando recursos para pousar.
PRIORIDADE: Voo DOM 107 esperando. 29 voo(s) INTL na frente.
ALERTA: Voo DOM 71 em estado critico de espera! (70s)
PRIORIDADE: Voo DOM 71 esperando. 29 voo(s) INTL na frente.
PRIORIDADE: Voo DOM 103 esperando. 29 voo(s) INTL na frente.
INFO: Voo INTL 108 criado e iniciando procedimentos.
POUSO: Voo INTL 108 aguardando recursos para pousar.
ALERTA: Voo DOM 66 em estado critico de espera! (80s)
PRIORIDADE: Voo DOM 66 esperando. 30 voo(s) INTL na frente.
INFO: Voo DOM 109 criado e iniciando procedimentos.
POUSO: Voo DOM 109 aguardando recursos para pousar.
PRIORIDADE: Voo DOM 109 esperando. 30 voo(s) INTL na frente.
ALERTA: Voo DOM 67 em estado critico de espera! (80s)
PRIORIDADE: Voo DOM 67 esperando. 30 voo(s) INTL na frente.
ALERTA: Voo DOM 62 em estado critico de espera! (90s)
PRIORIDADE: Voo DOM 62 esperando. 30 voo(s) INTL na frente.
ALERTA: Voo DOM 72 em estado critico de espera! (70s)
PRIORIDADE: Voo DOM 72 esperando. 30 voo(s) INTL na frente.
PRIORIDADE: Voo DOM 82 esperando. 30 voo(s) INTL na frente.
PRIORIDADE: Voo DOM 89 esperando. 30 voo(s) INTL na frente.
PRIORIDADE: Voo DOM 93 esperando. 30 voo(s) INTL na frente.
PRIORIDADE: Voo DOM 98 esperando. 30 voo(s) INTL na frente.
PRIORIDADE: Voo DOM 83 esperando. 30 voo(s) INTL na frente.
INFO: Voo DOM 110 criado e iniciando procedimentos.
POUSO: Voo DOM 110 aguardando recursos para pousar.
PRIORIDADE: Voo DOM 105 esperando. 30 voo(s) INTL na frente.
PRIORIDADE: Voo DOM 110 esperando. 30 voo(s) INTL na frente.
PRIORIDADE: Voo DOM 84 esperando. 30 voo(s) INTL na frente.
PRIORIDADE: Voo DOM 100 esperando. 30 voo(s) INTL na frente.
INFO: Voo DOM 111 criado e iniciando procedimentos.
POUSO: Voo DOM 111 aguardando recursos para pousar.
PRIORIDADE: Voo DOM 111 esperando. 30 voo(s) INTL na frente.
PRIORIDADE: Voo DOM 78 esperando. 30 voo(s) INTL na frente.
PRIORIDADE: Voo DOM 90 esperando. 30 voo(s) INTL na frente.
PRIORIDADE: Voo DOM 85 esperando. 30 voo(s) INTL na frente.
PRIORIDADE: Voo DOM 106 esperando. 30 voo(s) INTL na frente.
INFO: Voo DOM 112 criado e iniciando procedimentos.
POUSO: Voo DOM 112 aguardando recursos para pousar.
PRIORIDADE: Voo DOM 112 esperando. 30 voo(s) INTL na frente.
ALERTA: Voo DOM 69 em estado critico de espera! (80s)
PRIORIDADE: Voo DOM 69 esperando. 30 voo(s) INTL na frente.
ALERTA: Voo DOM 64 em estado critico de espera! (90s)
PRIORIDADE: Voo DOM 64 esperando. 30 voo(s) INTL na frente.
ALERTA: Voo DOM 75 em estado critico de espera! (70s)
PRIORIDADE: Voo DOM 75 esperando. 30 voo(s) INTL na frente.
PRIORIDADE: Voo DOM 79 esperando. 30 voo(s) INTL na frente.
PRIORIDADE: Voo DOM 91 esperando. 30 voo(s) INTL na frente.
STARVATION: Voo DOM 60 caiu por excesso de tempo de espera! (100s)
PRIORIDADE: Voo DOM 80 esperando. 30 voo(s) INTL na frente.
PRIORIDADE: Voo DOM 87 esperando. 30 voo(s) INTL na frente.
PRIORIDADE: Voo DOM 96 esperando. 30 voo(s) INTL na frente.
PRIORIDADE: Voo DOM 81 esperando. 30 voo(s) INTL na frente.
ALERTA: Voo DOM 65 em estado critico de espera! (90s)
PRIORIDADE: Voo DOM 65 esperando. 30 voo(s) INTL na frente.
PRIORIDADE: Voo DOM 97 esperando. 30 voo(s) INTL na frente.
PRIORIDADE: Voo DOM 107 esperando. 30 voo(s) INTL na frente.
INFO: Voo DOM 113 criado e iniciando procedimentos.
POUSO: Voo DOM 113 aguardando recursos para pousar.
PRIORIDADE: Voo DOM 113 esperando. 30 voo(s) INTL na frente.
ALERTA: Voo DOM 71 em estado critico de espera! (80s)
PRIORIDADE: Voo DOM 71 esperando. 30 voo(s) INTL na frente.
PRIORIDADE: Voo DOM 103 esperando. 30 voo(s) INTL na frente.
INFO: Voo INTL 114 criado e iniciando procedimentos.
POUSO: Voo INTL 114 aguardando recursos para pousar.
ALERTA: Voo DOM 66 em estado critico de espera! (90s)
PRIORIDADE: Voo DOM 66 esperando. 31 voo(s) INTL na frente.
PRIORIDADE: Voo DOM 109 esperando. 31 voo(s) INTL na frente.
ALERTA: Voo DOM 67 em estado critico de espera! (90s)
PRIORIDADE: Voo DOM 67 esperando. 31 voo(s) INTL na frente.
STARVATION: Voo DOM 62 caiu por excesso de tempo de espera! (100s)
ALERTA: Voo DOM 72 em estado critico de espera! (80s)
PRIORIDADE: Voo DOM 72 esperando. 31 voo(s) INTL na frente.
PRIORIDADE: Voo DOM 82 esperando. 31 voo(s) INTL na frente.
PRIORIDADE: Voo DOM 89 esperando. 31 voo(s) INTL na frente.
PRIORIDADE: Voo DOM 93 esperando. 31 voo(s) INTL na frente.
PRIORIDADE: Voo DOM 98 esperando. 31 voo(s) INTL na frente.
PRIORIDADE: Voo DOM 83 esperando. 31 voo(s) INTL na frente.
PRIORIDADE: Voo DOM 105 esperando. 31 voo(s) INTL na frente.
PRIORIDADE: Voo DOM 110 esperando. 31 voo(s) INTL na frente.
INFO: Voo DOM 115 criado e iniciando procedimentos.
POUSO: Voo DOM 115 aguardando recursos para pousar.
PRIORIDADE: Voo DOM 115 esperando. 31 voo(s) INTL na frente.
PRIORIDADE: Voo DOM 84 esperando. 31 voo(s) INTL na frente.
PRIORIDADE: Voo DOM 100 esperando. 31 voo(s) INTL na frente.
PRIORIDADE: Voo DOM 111 esperando. 31 voo(s) INTL na frente.
ALERTA: Voo DOM 78 em estado critico de espera! (70s)
PRIORIDADE: Voo DOM 78 esperando. 31 voo(s) INTL na frente.
PRIORIDADE: Voo DOM 90 esperando. 31 voo(s) INTL na frente.
PRIORIDADE: Voo DOM 85 esperando. 31 voo(s) INTL na frente.
INFO: Voo INTL 116 criado e iniciando procedimentos.
POUSO: Voo INTL 116 aguardando recursos para pousar.
PRIORIDADE: Voo DOM 106 esperando. 32 voo(s) INTL na frente.
PRIORIDADE: Voo DOM 112 esperando. 32 voo(s) INTL na frente.
ALERTA: Voo DOM 69 em estado critico de espera! (90s)
PRIORIDADE: Voo DOM 69 esperando. 32 voo(s) INTL na frente.
STARVATION: Voo DOM 64 caiu por excesso de tempo de espera! (100s)
ALERTA: Voo DOM 75 em estado critico de espera! (80s)
PRIORIDADE: Voo DOM 75 esperando. 32 voo(s) INTL na frente.
ALERTA: Voo DOM 79 em estado critico de espera! (70s)
PRIORIDADE: Voo DOM 79 esperando. 32 voo(s) INTL na frente.
PRIORIDADE: Voo DOM 91 esperando. 32 voo(s) INTL na frente.
ALERTA: Voo DOM 80 em estado critico de espera! (70s)
PRIORIDADE: Voo DOM 80 esperando. 32 voo(s) INTL na frente.
PRIORIDADE: Voo DOM 87 esperando. 32 voo(s) INTL na frente.
PRIORIDADE: Voo DOM 96 esperando. 32 voo(s) INTL na frente.
INFO: Voo INTL 117 criado e iniciando procedimentos.
POUSO: Voo INTL 117 aguardando recursos para pousar.
ALERTA: Voo DOM 81 em estado critico de espera! (70s)
PRIORIDADE: Voo DOM 81 esperando. 33 voo(s) INTL na frente.
STARVATION: Voo DOM 65 caiu por excesso de tempo de espera! (100s)
PRIORIDADE: Voo DOM 97 esperando. 33 voo(s) INTL na frente.
PRIORIDADE: Voo DOM 107 esperando. 33 voo(s) INTL na frente.
PRIORIDADE: Voo DOM 113 esperando. 33 voo(s) INTL na frente.
INFO: Voo DOM 118 criado e iniciando procedimentos.
POUSO: Voo DOM 118 aguardando recursos para pousar.
PRIORIDADE: Voo DOM 118 esperando. 33 voo(s) INTL na frente.
ALERTA: Voo DOM 71 em estado critico de espera! (90s)
PRIORIDADE: Voo DOM 71 esperando. 33 voo(s) INTL na frente.
PRIORIDADE: Voo DOM 103 esperando. 33 voo(s) INTL na frente.
INFO: Voo DOM 119 criado e iniciando procedimentos.
POUSO: Voo DOM 119 aguardando recursos para pousar.
PRIORIDADE: Voo DOM 119 esperando. 33 voo(s) INTL na frente.
STARVATION: Voo DOM 66 caiu por excesso de tempo de espera! (100s)
PRIORIDADE: Voo DOM 109 esperando. 33 voo(s) INTL na frente.
STARVATION: Voo DOM 67 caiu por excesso de tempo de espera! (100s)
ALERTA: Voo DOM 72 em estado critico de espera! (90s)
PRIORIDADE: Voo DOM 72 esperando. 33 voo(s) INTL na frente.
ALERTA: Voo DOM 82 em estado critico de espera! (70s)
PRIORIDADE: Voo DOM 82 esperando. 33 voo(s) INTL na frente.
PRIORIDADE: Voo DOM 89 esperando. 33 voo(s) INTL na frente.
PRIORIDADE: Voo DOM 93 esperando. 33 voo(s) INTL na frente.
PRIORIDADE: Voo DOM 98 esperando. 33 voo(s) INTL na frente.
INFO: Voo DOM 120 criado e iniciando procedimentos.
POUSO: Voo DOM 120 aguardando recursos para pousar.
PRIORIDADE: Voo DOM 120 esperando. 33 voo(s) INTL na frente.
ALERTA: Voo DOM 83 em estado critico de espera! (70s)
PRIORIDADE: Voo DOM 83 esperando. 33 voo(s) INTL na frente.
PRIORIDADE: Voo DOM 105 esperando. 33 voo(s) INTL na frente.
PRIORIDADE: Voo DOM 110 esperando. 33 voo(s) INTL na frente.
PRIORIDADE: Voo DOM 115 esperando. 33 voo(s) INTL na frente.
ALERTA: Voo DOM 84 em estado critico de espera! (70s)
PRIORIDADE: Voo DOM 84 esperando. 33 voo(s) INTL na frente.
PRIORIDADE: Voo DOM 100 esperando. 33 voo(s) INTL na frente.
PRIORIDADE: Voo DOM 111 esperando. 33 voo(s) INTL na frente.
INFO: Voo INTL 121 criado e iniciando procedimentos.
POUSO: Voo INTL 121 aguardando recursos para pousar.
ALERTA: Voo DOM 78 em estado critico de espera! (80s)
PRIORIDADE: Voo DOM 78 esperando. 34 voo(s) INTL na frente.
PRIORIDADE: Voo DOM 90 esperando. 34 voo(s) INTL na frente.
ALERTA: Voo DOM 85 em estado critico de espera! (70s)
PRIORIDADE: Voo DOM 85 esperando. 34 voo(s) INTL na frente.
INFO: Voo INTL 122 criado e iniciando procedimentos.
POUSO: Voo INTL 122 aguardando recursos para pousar.
PRIORIDADE: Voo DOM 106 esperando. 35 voo(s) INTL na frente.
PRIORIDADE: Voo DOM 112 esperando. 35 voo(s) INTL na frente.
STARVATION: Voo DOM 69 caiu por excesso de tempo de espera! (100s)
ALERTA: Voo DOM 75 em estado critico de espera! (90s)
PRIORIDADE: Voo DOM 75 esperando. 35 voo(s) INTL na frente.
ALERTA: Voo DOM 79 em estado critico de espera! (80s)
PRIORIDADE: Voo DOM 79 esperando. 35 voo(s) INTL na frente.
PRIORIDADE: Voo DOM 91 esperando. 35 voo(s) INTL na frente.
ALERTA: Voo DOM 80 em estado critico de espera! (80s)
PRIORIDADE: Voo DOM 80 esperando. 35 voo(s) INTL na frente.
ALERTA: Voo DOM 87 em estado critico de espera! (70s)
PRIORIDADE: Voo DOM 87 esperando. 35 voo(s) INTL na frente.
PRIORIDADE: Voo DOM 96 esperando. 35 voo(s) INTL na frente.
INFO: Voo DOM 123 criado e iniciando procedimentos.
POUSO: Voo DOM 123 aguardando recursos para pousar.
PRIORIDADE: Voo DOM 123 esperando. 35 voo(s) INTL na frente.
ALERTA: Voo DOM 81 em estado critico de espera! (80s)
PRIORIDADE: Voo DOM 81 esperando. 35 voo(s) INTL na frente.
PRIORIDADE: Voo DOM 97 esperando. 35 voo(s) INTL na frente.
PRIORIDADE: Voo DOM 107 esperando. 35 voo(s) INTL na frente.
PRIORIDADE: Voo DOM 113 esperando. 35 voo(s) INTL na frente.
PRIORIDADE: Voo DOM 118 esperando. 35 voo(s) INTL na frente.
STARVATION: Voo DOM 71 caiu por excesso de tempo de espera! (100s)
PRIORIDADE: Voo DOM 103 esperando. 35 voo(s) INTL na frente.
PRIORIDADE: Voo DOM 119 esperando. 35 voo(s) INTL na frente.
INFO: Voo DOM 124 criado e iniciando procedimentos.
POUSO: Voo DOM 124 aguardando recursos para pousar.
PRIORIDADE: Voo DOM 124 esperando. 35 voo(s) INTL na frente.
PRIORIDADE: Voo DOM 109 esperando. 35 voo(s) INTL na frente.
INFO: Voo INTL 125 criado e iniciando procedimentos.
POUSO: Voo INTL 125 aguardando recursos para pousar.
STARVATION: Voo DOM 72 caiu por excesso de tempo de espera! (100s)
ALERTA: Voo DOM 82 em estado critico de espera! (80s)
PRIORIDADE: Voo DOM 82 esperando. 36 voo(s) INTL na frente.
ALERTA: Voo DOM 89 em estado critico de espera! (70s)
PRIORIDADE: Voo DOM 89 esperando. 36 voo(s) INTL na frente.
PRIORIDADE: Voo DOM 93 esperando. 36 voo(s) INTL na frente.
PRIORIDADE: Voo DOM 98 esperando. 36 voo(s) INTL na frente.
PRIORIDADE: Voo DOM 120 esperando. 36 voo(s) INTL na frente.
ALERTA: Voo DOM 83 em estado critico de espera! (80s)
PRIORIDADE: Voo DOM 83 esperando. 36 voo(s) INTL na frente.
PRIORIDADE: Voo DOM 105 esperando. 36 voo(s) INTL na frente.
PRIORIDADE: Voo DOM 110 esperando. 36 voo(s) INTL na frente.
PRIORIDADE: Voo DOM 115 esperando. 36 voo(s) INTL na frente.
INFO: Voo INTL 126 criado e iniciando procedimentos.
POUSO: Voo INTL 126 aguardando recursos para pousar.
ALERTA: Voo DOM 84 em estado critico de espera! (80s)
PRIORIDADE: Voo DOM 84 esperando. 37 voo(s) INTL na frente.
PRIORIDADE: Voo DOM 100 esperando. 37 voo(s) INTL na frente.
PRIORIDADE: Voo DOM 111 esperando. 37 voo(s) INTL na frente.
INFO: Voo DOM 127 criado e iniciando procedimentos.
POUSO: Voo DOM 127 aguardando recursos para pousar.
PRIORIDADE: Voo DOM 127 esperando. 37 voo(s) INTL na frente.
ALERTA: Voo DOM 78 em estado critico de espera! (90s)
PRIORIDADE: Voo DOM 78 esperando. 37 voo(s) INTL na frente.
ALERTA: Voo DOM 90 em estado critico de espera! (70s)
PRIORIDADE: Voo DOM 90 esperando. 37 voo(s) INTL na frente.
ALERTA: Voo DOM 85 em estado critico de espera! (80s)
PRIORIDADE: Voo DOM 85 esperando. 37 voo(s) INTL na frente.
INFO: Voo DOM 128 criado e iniciando procedimentos.
POUSO: Voo DOM 128 aguardando recursos para pousar.
PRIORIDADE: Voo DOM 128 esperando. 37 voo(s) INTL na frente.
PRIORIDADE: Voo DOM 106 esperando. 37 voo(s) INTL na frente.
PRIORIDADE: Voo DOM 112 esperando. 37 voo(s) INTL na frente.
STARVATION: Voo DOM 75 caiu por excesso de tempo de espera! (100s)
ALERTA: Voo DOM 79 em estado critico de espera! (90s)
PRIORIDADE: Voo DOM 79 esperando. 37 voo(s) INTL na frente.
ALERTA: Voo DOM 91 em estado critico de espera! (70s)
PRIORIDADE: Voo DOM 91 esperando. 37 voo(s) INTL na frente.
ALERTA: Voo DOM 80 em estado critico de espera! (90s)
PRIORIDADE: Voo DOM 80 esperando. 37 voo(s) INTL na frente.
ALERTA: Voo DOM 87 em estado critico de espera! (80s)
PRIORIDADE: Voo DOM 87 esperando. 37 voo(s) INTL na frente.
PRIORIDADE: Voo DOM 96 esperando. 37 voo(s) INTL na frente.
INFO: Voo DOM 129 criado e iniciando procedimentos.
POUSO: Voo DOM 129 aguardando recursos para pousar.
PRIORIDADE: Voo DOM 123 esperando. 37 voo(s) INTL na frente.
PRIORIDADE: Voo DOM 129 esperando. 37 voo(s) INTL na frente.
ALERTA: Voo DOM 81 em estado critico de espera! (90s)
PRIORIDADE: Voo DOM 81 esperando. 37 voo(s) INTL na frente.
PRIORIDADE: Voo DOM 97 esperando. 37 voo(s) INTL na frente.
PRIORIDADE: Voo DOM 107 esperando. 37 voo(s) INTL na frente.
PRIORIDADE: Voo DOM 113 esperando. 37 voo(s) INTL na frente.
PRIORIDADE: Voo DOM 118 esperando. 37 voo(s) INTL na frente.
PRIORIDADE: Voo DOM 103 esperando. 37 voo(s) INTL na frente.
PRIORIDADE: Voo DOM 119 esperando. 37 voo(s) INTL na frente.
PRIORIDADE: Voo DOM 124 esperando. 37 voo(s) INTL na frente.
INFO: Voo DOM 130 criado e iniciando procedimentos.
POUSO: Voo DOM 130 aguardando recursos para pousar.
PRIORIDADE: Voo DOM 130 esperando. 37 voo(s) INTL na frente.
PRIORIDADE: Voo DOM 109 esperando. 37 voo(s) INTL na frente.
ALERTA: Voo DOM 82 em estado critico de espera! (90s)
PRIORIDADE: Voo DOM 82 esperando. 37 voo(s) INTL na frente.
ALERTA: Voo DOM 89 em estado critico de espera! (80s)
PRIORIDADE: Voo DOM 89 esperando. 37 voo(s) INTL na frente.
ALERTA: Voo DOM 93 em estado critico de espera! (70s)
PRIORIDADE: Voo DOM 93 esperando. 37 voo(s) INTL na frente.
PRIORIDADE: Voo DOM 98 esperando. 37 voo(s) INTL na frente.
PRIORIDADE: Voo DOM 120 esperando. 37 voo(s) INTL na frente.
ALERTA: Voo DOM 83 em estado critico de espera! (90s)
PRIORIDADE: Voo DOM 83 esperando. 37 voo(s) INTL na frente.
PRIORIDADE: Voo DOM 105 esperando. 37 voo(s) INTL na frente.
PRIORIDADE: Voo DOM 110 esperando. 37 voo(s) INTL na frente.
PRIORIDADE: Voo DOM 115 esperando. 37 voo(s) INTL na frente.
INFO: Voo DOM 131 criado e iniciando procedimentos.
POUSO: Voo DOM 131 aguardando recursos para pousar.
PRIORIDADE: Voo DOM 131 esperando. 37 voo(s) INTL na frente.
ALERTA: Voo DOM 84 em estado critico de espera! (90s)
PRIORIDADE: Voo DOM 84 esperando. 37 voo(s) INTL na frente.
PRIORIDADE: Voo DOM 100 esperando. 37 voo(s) INTL na frente.
PRIORIDADE: Voo DOM 111 esperando. 37 voo(s) INTL na frente.
PRIORIDADE: Voo DOM 127 esperando. 37 voo(s) INTL na frente.
STARVATION: Voo DOM 78 caiu por excesso de tempo de espera! (100s)
ALERTA: Voo DOM 90 em estado critico de espera! (80s)
PRIORIDADE: Voo DOM 90 esperando. 37 voo(s) INTL na frente.
ALERTA: Voo DOM 85 em estado critico de espera! (90s)
PRIORIDADE: Voo DOM 85 esperando. 37 voo(s) INTL na frente.
PRIORIDADE: Voo DOM 128 esperando. 37 voo(s) INTL na frente.
PRIORIDADE: Voo DOM 106 esperando. 37 voo(s) INTL na frente.
PRIORIDADE: Voo DOM 112 esperando. 37 voo(s) INTL na frente.
INFO: Voo INTL 132 criado e iniciando procedimentos.
POUSO: Voo INTL 132 aguardando recursos para pousar.
STARVATION: Voo DOM 79 caiu por excesso de tempo de espera! (100s)
ALERTA: Voo DOM 91 em estado critico de espera! (80s)
PRIORIDADE: Voo DOM 91 esperando. 38 voo(s) INTL na frente.
INFO: Voo DOM 133 criado e iniciando procedimentos.
POUSO: Voo DOM 133 aguardando recursos para pousar.
PRIORIDADE: Voo DOM 133 esperando. 38 voo(s) INTL na frente.
STARVATION: Voo DOM 80 caiu por excesso de tempo de espera! (100s)
ALERTA: Voo DOM 87 em estado critico de espera! (90s)
PRIORIDADE: Voo DOM 87 esperando. 38 voo(s) INTL na frente.
ALERTA: Voo DOM 96 em estado critico de espera! (70s)
PRIORIDADE: Voo DOM 96 esperando. 38 voo(s) INTL na frente.
PRIORIDADE: Voo DOM 129 esperando. 38 voo(s) INTL na frente.
PRIORIDADE: Voo DOM 123 esperando. 38 voo(s) INTL na frente.
STARVATION: Voo DOM 81 caiu por excesso de tempo de espera! (100s)
ALERTA: Voo DOM 97 em estado critico de espera! (70s)
PRIORIDADE: Voo DOM 97 esperando. 38 voo(s) INTL na frente.
PRIORIDADE: Voo DOM 107 esperando. 38 voo(s) INTL na frente.
PRIORIDADE: Voo DOM 113 esperando. 38 voo(s) INTL na frente.
PRIORIDADE: Voo DOM 118 esperando. 38 voo(s) INTL na frente.
INFO: Voo INTL 134 criado e iniciando procedimentos.
POUSO: Voo INTL 134 aguardando recursos para pousar.
PRIORIDADE: Voo DOM 103 esperando. 39 voo(s) INTL na frente.
PRIORIDADE: Voo DOM 119 esperando. 39 voo(s) INTL na frente.
PRIORIDADE: Voo DOM 124 esperando. 39 voo(s) INTL na frente.
PRIORIDADE: Voo DOM 130 esperando. 39 voo(s) INTL na frente.
PRIORIDADE: Voo DOM 109 esperando. 39 voo(s) INTL na frente.
STARVATION: Voo DOM 82 caiu por excesso de tempo de espera! (100s)
ALERTA: Voo DOM 89 em estado critico de espera! (90s)
PRIORIDADE: Voo DOM 89 esperando. 39 voo(s) INTL na frente.
ALERTA: Voo DOM 93 em estado critico de espera! (80s)
PRIORIDADE: Voo DOM 93 esperando. 39 voo(s) INTL na frente.
ALERTA: Voo DOM 98 em estado critico de espera! (70s)
PRIORIDADE: Voo DOM 98 esperando. 39 voo(s) INTL na frente.
PRIORIDADE: Voo DOM 120 esperando. 39 voo(s) INTL na frente.
INFO: Voo DOM 135 criado e iniciando procedimentos.
POUSO: Voo DOM 135 aguardando recursos para pousar.
PRIORIDADE: Voo DOM 135 esperando. 39 voo(s) INTL na frente.
STARVATION: Voo DOM 83 caiu por excesso de tempo de espera! (100s)
PRIORIDADE: Voo DOM 105 esperando. 39 voo(s) INTL na frente.
PRIORIDADE: Voo DOM 110 esperando. 39 voo(s) INTL na frente.
PRIORIDADE: Voo DOM 115 esperando. 39 voo(s) INTL na frente.
PRIORIDADE: Voo DOM 131 esperando. 39 voo(s) INTL na frente.
STARVATION: Voo DOM 84 caiu por excesso de tempo de espera! (100s)
ALERTA: Voo DOM 100 em estado critico de espera! (70s)
PRIORIDADE: Voo DOM 100 esperando. 39 voo(s) INTL na frente.
PRIORIDADE: Voo DOM 111 esperando. 39 voo(s) INTL na frente.
PRIORIDADE: Voo DOM 127 esperando. 39 voo(s) INTL na frente.
ALERTA: Voo DOM 90 em estado critico de espera! (90s)
PRIORIDADE: Voo DOM 90 esperando. 39 voo(s) INTL na frente.
STARVATION: Voo DOM 85 caiu por excesso de tempo de espera! (100s)
INFO: Voo INTL 136 criado e iniciando procedimentos.
POUSO: Voo INTL 136 aguardando recursos para pousar.
PRIORIDADE: Voo DOM 128 esperando. 39 voo(s) INTL na frente.
PRIORIDADE: Voo DOM 106 esperando. 40 voo(s) INTL na frente.
PRIORIDADE: Voo DOM 112 esperando. 40 voo(s) INTL na frente.
ALERTA: Voo DOM 91 em estado critico de espera! (90s)
PRIORIDADE: Voo DOM 91 esperando. 40 voo(s) INTL na frente.
INFO: Voo INTL 137 criado e iniciando procedimentos.
POUSO: Voo INTL 137 aguardando recursos para pousar.
PRIORIDADE: Voo DOM 133 esperando. 40 voo(s) INTL na frente.
STARVATION: Voo DOM 87 caiu por excesso de tempo de espera! (100s)
INFO: Voo INTL 138 criado e iniciando procedimentos.
POUSO: Voo INTL 138 aguardando recursos para pousar.
ALERTA: Voo DOM 96 em estado critico de espera! (80s)
PRIORIDADE: Voo DOM 96 esperando. 42 voo(s) INTL na frente.
PRIORIDADE: Voo DOM 129 esperando. 42 voo(s) INTL na frente.
PRIORIDADE: Voo DOM 123 esperando. 42 voo(s) INTL na frente.
ALERTA: Voo DOM 97 em estado critico de espera! (80s)
PRIORIDADE: Voo DOM 97 esperando. 42 voo(s) INTL na frente.
PRIORIDADE: Voo DOM 107 esperando. 42 voo(s) INTL na frente.
PRIORIDADE: Voo DOM 113 esperando. 42 voo(s) INTL na frente.
PRIORIDADE: Voo DOM 118 esperando. 42 voo(s) INTL na frente.
ALERTA: Voo DOM 103 em estado critico de espera! (70s)
PRIORIDADE: Voo DOM 103 esperando. 42 voo(s) INTL na frente.
PRIORIDADE: Voo DOM 119 esperando. 42 voo(s) INTL na frente.
PRIORIDADE: Voo DOM 124 esperando. 42 voo(s) INTL na frente.
PRIORIDADE: Voo DOM 130 esperando. 42 voo(s) INTL na frente.
PRIORIDADE: Voo DOM 109 esperando. 42 voo(s) INTL na frente.
INFO: Voo DOM 139 criado e iniciando procedimentos.
POUSO: Voo DOM 139 aguardando recursos para pousar.
PRIORIDADE: Voo DOM 139 esperando. 42 voo(s) INTL na frente.
STARVATION: Voo DOM 89 caiu por excesso de tempo de espera! (100s)
ALERTA: Voo DOM 93 em estado critico de espera! (90s)
PRIORIDADE: Voo DOM 93 esperando. 42 voo(s) INTL na frente.
ALERTA: Voo DOM 98 em estado critico de espera! (80s)
PRIORIDADE: Voo DOM 98 esperando. 42 voo(s) INTL na frente.
PRIORIDADE: Voo DOM 120 esperando. 42 voo(s) INTL na frente.
PRIORIDADE: Voo DOM 135 esperando. 42 voo(s) INTL na frente.
ALERTA: Voo DOM 105 em estado critico de espera! (70s)
PRIORIDADE: Voo DOM 105 esperando. 42 voo(s) INTL na frente.
PRIORIDADE: Voo DOM 110 esperando. 42 voo(s) INTL na frente.
PRIORIDADE: Voo DOM 115 esperando. 42 voo(s) INTL na frente.
PRIORIDADE: Voo DOM 131 esperando. 42 voo(s) INTL na frente.
INFO: Voo DOM 140 criado e iniciando procedimentos.
POUSO: Voo DOM 140 aguardando recursos para pousar.
PRIORIDADE: Voo DOM 140 esperando. 42 voo(s) INTL na frente.
ALERTA: Voo DOM 100 em estado critico de espera! (80s)
PRIORIDADE: Voo DOM 100 esperando. 42 voo(s) INTL na frente.
PRIORIDADE: Voo DOM 111 esperando. 42 voo(s) INTL na frente.
PRIORIDADE: Voo DOM 127 esperando. 42 voo(s) INTL na frente.
STARVATION: Voo DOM 90 caiu por excesso de tempo de espera! (100s)
INFO: Voo DOM 141 criado e iniciando procedimentos.
POUSO: Voo DOM 141 aguardando recursos para pousar.
PRIORIDADE: Voo DOM 141 esperando. 42 voo(s) INTL na frente.
PRIORIDADE: Voo DOM 128 esperando. 42 voo(s) INTL na frente.
ALERTA: Voo DOM 106 em estado critico de espera! (70s)
PRIORIDADE: Voo DOM 106 esperando. 42 voo(s) INTL na frente.
PRIORIDADE: Voo DOM 112 esperando. 42 voo(s) INTL na frente.
STARVATION: Voo DOM 91 caiu por excesso de tempo de espera! (100s)
PRIORIDADE: Voo DOM 133 esperando. 42 voo(s) INTL na frente.
INFO: Voo INTL 142 criado e iniciando procedimentos.
POUSO: Voo INTL 142 aguardando recursos para pousar.
ALERTA: Voo DOM 96 em estado critico de espera! (90s)
PRIORIDADE: Voo DOM 96 esperando. 43 voo(s) INTL na frente.
PRIORIDADE: Voo DOM 129 esperando. 43 voo(s) INTL na frente.
PRIORIDADE: Voo DOM 123 esperando. 43 voo(s) INTL na frente.
ALERTA: Voo DOM 97 em estado critico de espera! (90s)
PRIORIDADE: Voo DOM 97 esperando. 43 voo(s) INTL na frente.
ALERTA: Voo DOM 107 em estado critico de espera! (70s)
PRIORIDADE: Voo DOM 107 esperando. 43 voo(s) INTL na frente.
PRIORIDADE: Voo DOM 113 esperando. 43 voo(s) INTL na frente.
PRIORIDADE: Voo DOM 118 esperando. 43 voo(s) INTL na frente.
INFO: Voo DOM 143 criado e iniciando procedimentos.
POUSO: Voo DOM 143 aguardando recursos para pousar.
PRIORIDADE: Voo DOM 143 esperando. 43 voo(s) INTL na frente.
ALERTA: Voo DOM 103 em estado critico de espera! (80s)
PRIORIDADE: Voo DOM 103 esperando. 43 voo(s) INTL na frente.
PRIORIDADE: Voo DOM 119 esperando. 43 voo(s) INTL na frente.
PRIORIDADE: Voo DOM 124 esperando. 43 voo(s) INTL na frente.
PRIORIDADE: Voo DOM 130 esperando. 43 voo(s) INTL na frente.
ALERTA: Voo DOM 109 em estado critico de espera! (70s)
PRIORIDADE: Voo DOM 109 esperando. 43 voo(s) INTL na frente.
PRIORIDADE: Voo DOM 139 esperando. 43 voo(s) INTL na frente.
INFO: Voo INTL 144 criado e iniciando procedimentos.
POUSO: Voo INTL 144 aguardando recursos para pousar.
STARVATION: Voo DOM 93 caiu por excesso de tempo de espera! (100s)
ALERTA: Voo DOM 98 em estado critico de espera! (90s)
PRIORIDADE: Voo DOM 98 esperando. 44 voo(s) INTL na frente.
PRIORIDADE: Voo DOM 120 esperando. 44 voo(s) INTL na frente.
PRIORIDADE: Voo DOM 135 esperando. 44 voo(s) INTL na frente.
ALERTA: Voo DOM 105 em estado critico de espera! (80s)
PRIORIDADE: Voo DOM 105 esperando. 44 voo(s) INTL na frente.
ALERTA: Voo DOM 110 em estado critico de espera! (70s)
PRIORIDADE: Voo DOM 110 esperando. 44 voo(s) INTL na frente.
PRIORIDADE: Voo DOM 115 esperando. 44 voo(s) INTL na frente.
PRIORIDADE: Voo DOM 131 esperando. 44 voo(s) INTL na frente.
INFO: Voo DOM 145 criado e iniciando procedimentos.
POUSO: Voo DOM 145 aguardando recursos para pousar.
PRIORIDADE: Voo DOM 140 esperando. 44 voo(s) INTL na frente.
PRIORIDADE: Voo DOM 145 esperando. 44 voo(s) INTL na frente.
ALERTA: Voo DOM 100 em estado critico de espera! (90s)
PRIORIDADE: Voo DOM 100 esperando. 44 voo(s) INTL na frente.
ALERTA: Voo DOM 111 em estado critico de espera! (70s)
PRIORIDADE: Voo DOM 111 esperando. 44 voo(s) INTL na frente.
PRIORIDADE: Voo DOM 127 esperando. 44 voo(s) INTL na frente.
PRIORIDADE: Voo DOM 141 esperando. 44 voo(s) INTL na frente.
PRIORIDADE: Voo DOM 128 esperando. 44 voo(s) INTL na frente.
ALERTA: Voo DOM 106 em estado critico de espera! (80s)
PRIORIDADE: Voo DOM 106 esperando. 44 voo(s) INTL na frente.
ALERTA: Voo DOM 112 em estado critico de espera! (70s)
PRIORIDADE: Voo DOM 112 esperando. 44 voo(s) INTL na frente.
INFO: Voo INTL 146 criado e iniciando procedimentos.
POUSO: Voo INTL 146 aguardando recursos para pousar.
PRIORIDADE: Voo DOM 133 esperando. 45 voo(s) INTL na frente.
INFO: Voo DOM 147 criado e iniciando procedimentos.
POUSO: Voo DOM 147 aguardando recursos para pousar.
PRIORIDADE: Voo DOM 147 esperando. 45 voo(s) INTL na frente.
INFO: Voo DOM 148 criado e iniciando procedimentos.
POUSO: Voo DOM 148 aguardando recursos para pousar.
PRIORIDADE: Voo DOM 148 esperando. 45 voo(s) INTL na frente.
STARVATION: Voo DOM 96 caiu por excesso de tempo de espera! (100s)
PRIORIDADE: Voo DOM 129 esperando. 45 voo(s) INTL na frente.
PRIORIDADE: Voo DOM 123 esperando. 45 voo(s) INTL na frente.
STARVATION: Voo DOM 97 caiu por excesso de tempo de espera! (100s)
ALERTA: Voo DOM 107 em estado critico de espera! (80s)
PRIORIDADE: Voo DOM 107 esperando. 45 voo(s) INTL na frente.
ALERTA: Voo DOM 113 em estado critico de espera! (70s)
PRIORIDADE: Voo DOM 113 esperando. 45 voo(s) INTL na frente.
PRIORIDADE: Voo DOM 118 esperando. 45 voo(s) INTL na frente.
INFO: Voo INTL 149 criado e iniciando procedimentos.
POUSO: Voo INTL 149 aguardando recursos para pousar.
PRIORIDADE: Voo DOM 143 esperando. 45 voo(s) INTL na frente.
ALERTA: Voo DOM 103 em estado critico de espera! (90s)
PRIORIDADE: Voo DOM 103 esperando. 46 voo(s) INTL na frente.
PRIORIDADE: Voo DOM 119 esperando. 46 voo(s) INTL na frente.
PRIORIDADE: Voo DOM 124 esperando. 46 voo(s) INTL na frente.
PRIORIDADE: Voo DOM 130 esperando. 46 voo(s) INTL na frente.
INFO: Voo INTL 150 criado e iniciando procedimentos.
POUSO: Voo INTL 150 aguardando recursos para pousar.
ALERTA: Voo DOM 109 em estado critico de espera! (80s)
PRIORIDADE: Voo DOM 109 esperando. 47 voo(s) INTL na frente.
PRIORIDADE: Voo DOM 139 esperando. 47 voo(s) INTL na frente.
INFO: Voo DOM 151 criado e iniciando procedimentos.
POUSO: Voo DOM 151 aguardando recursos para pousar.
PRIORIDADE: Voo DOM 151 esperando. 47 voo(s) INTL na frente.
STARVATION: Voo DOM 98 caiu por excesso de tempo de espera! (100s)
PRIORIDADE: Voo DOM 120 esperando. 47 voo(s) INTL na frente.
PRIORIDADE: Voo DOM 135 esperando. 47 voo(s) INTL na frente.
ALERTA: Voo DOM 105 em estado critico de espera! (90s)
PRIORIDADE: Voo DOM 105 esperando. 47 voo(s) INTL na frente.
ALERTA: Voo DOM 110 em estado critico de espera! (80s)
PRIORIDADE: Voo DOM 110 esperando. 47 voo(s) INTL na frente.
ALERTA: Voo DOM 115 em estado critico de espera! (70s)
PRIORIDADE: Voo DOM 115 esperando. 47 voo(s) INTL na frente.
PRIORIDADE: Voo DOM 131 esperando. 47 voo(s) INTL na frente.
PRIORIDADE: Voo DOM 140 esperando. 47 voo(s) INTL na frente.
PRIORIDADE: Voo DOM 145 esperando. 47 voo(s) INTL na frente.
STARVATION: Voo DOM 100 caiu por excesso de tempo de espera! (100s)
ALERTA: Voo DOM 111 em estado critico de espera! (80s)
PRIORIDADE: Voo DOM 111 esperando. 47 voo(s) INTL na frente.
PRIORIDADE: Voo DOM 127 esperando. 47 voo(s) INTL na frente.
INFO: Voo INTL 152 criado e iniciando procedimentos.
POUSO: Voo INTL 152 aguardando recursos para pousar.
PRIORIDADE: Voo DOM 141 esperando. 48 voo(s) INTL na frente.
PRIORIDADE: Voo DOM 128 esperando. 48 voo(s) INTL na frente.
INFO: Voo INTL 153 criado e iniciando procedimentos.
POUSO: Voo INTL 153 aguardando recursos para pousar.
ALERTA: Voo DOM 106 em estado critico de espera! (90s)
PRIORIDADE: Voo DOM 106 esperando. 49 voo(s) INTL na frente.
ALERTA: Voo DOM 112 em estado critico de espera! (80s)
PRIORIDADE: Voo DOM 112 esperando. 49 voo(s) INTL na frente.
INFO: Voo INTL 154 criado e iniciando procedimentos.
POUSO: Voo INTL 154 aguardando recursos para pousar.
PRIORIDADE: Voo DOM 133 esperando. 50 voo(s) INTL na frente.
PRIORIDADE: Voo DOM 147 esperando. 50 voo(s) INTL na frente.
PRIORIDADE: Voo DOM 148 esperando. 50 voo(s) INTL na frente.
INFO: Voo DOM 155 criado e iniciando procedimentos.
POUSO: Voo DOM 155 aguardando recursos para pousar.
PRIORIDADE: Voo DOM 155 esperando. 50 voo(s) INTL na frente.
PRIORIDADE: Voo DOM 129 esperando. 50 voo(s) INTL na frente.
PRIORIDADE: Voo DOM 123 esperando. 50 voo(s) INTL na frente.
ALERTA: Voo DOM 107 em estado critico de espera! (90s)
PRIORIDADE: Voo DOM 107 esperando. 50 voo(s) INTL na frente.
ALERTA: Voo DOM 113 em estado critico de espera! (80s)
PRIORIDADE: Voo DOM 113 esperando. 50 voo(s) INTL na frente.
ALERTA: Voo DOM 118 em estado critico de espera! (70s)
PRIORIDADE: Voo DOM 118 esperando. 50 voo(s) INTL na frente.
PRIORIDADE: Voo DOM 143 esperando. 50 voo(s) INTL na frente.
INFO: Voo INTL 156 criado e iniciando procedimentos.
POUSO: Voo INTL 156 aguardando recursos para pousar.
STARVATION: Voo DOM 103 caiu por excesso de tempo de espera! (100s)
ALERTA: Voo DOM 119 em estado critico de espera! (70s)
PRIORIDADE: Voo DOM 119 esperando. 51 voo(s) INTL na frente.
PRIORIDADE: Voo DOM 124 esperando. 51 voo(s) INTL na frente.
PRIORIDADE: Voo DOM 130 esperando. 51 voo(s) INTL na frente.
INFO: Voo DOM 157 criado e iniciando procedimentos.
POUSO: Voo DOM 157 aguardando recursos para pousar.
PRIORIDADE: Voo DOM 157 esperando. 51 voo(s) INTL na frente.
INFO: Tempo de simulacao encerrado. Finalizando a criacao de novos voos...
ALERTA: Voo DOM 109 em estado critico de espera! (90s)
PRIORIDADE: Voo DOM 109 esperando. 51 voo(s) INTL na frente.
PRIORIDADE: Voo DOM 139 esperando. 51 voo(s) INTL na frente.
PRIORIDADE: Voo DOM 151 esperando. 51 voo(s) INTL na frente.
ALERTA: Voo DOM 120 em estado critico de espera! (70s)
PRIORIDADE: Voo DOM 120 esperando. 51 voo(s) INTL na frente.
PRIORIDADE: Voo DOM 135 esperando. 51 voo(s) INTL na frente.
CONTROLE: Loop de criacao de avioes finalizado.
INFO: Thread de controle finalizada. Os voos existentes continuarao ate o fim de suas operacoes.
STARVATION: Voo DOM 105 caiu por excesso de tempo de espera! (100s)
ALERTA: Voo DOM 110 em estado critico de espera! (90s)
PRIORIDADE: Voo DOM 110 esperando. 51 voo(s) INTL na frente.
ALERTA: Voo DOM 115 em estado critico de espera! (80s)
PRIORIDADE: Voo DOM 115 esperando. 51 voo(s) INTL na frente.
PRIORIDADE: Voo DOM 131 esperando. 51 voo(s) INTL na frente.
PRIORIDADE: Voo DOM 140 esperando. 51 voo(s) INTL na frente.
PRIORIDADE: Voo DOM 145 esperando. 51 voo(s) INTL na frente.
ALERTA: Voo DOM 111 em estado critico de espera! (90s)
PRIORIDADE: Voo DOM 111 esperando. 51 voo(s) INTL na frente.
PRIORIDADE: Voo DOM 127 esperando. 51 voo(s) INTL na frente.
PRIORIDADE: Voo DOM 141 esperando. 51 voo(s) INTL na frente.
PRIORIDADE: Voo DOM 128 esperando. 51 voo(s) INTL na frente.
STARVATION: Voo DOM 106 caiu por excesso de tempo de espera! (100s)
ALERTA: Voo DOM 112 em estado critico de espera! (90s)
PRIORIDADE: Voo DOM 112 esperando. 51 voo(s) INTL na frente.
PRIORIDADE: Voo DOM 133 esperando. 51 voo(s) INTL na frente.
PRIORIDADE: Voo DOM 147 esperando. 51 voo(s) INTL na frente.
PRIORIDADE: Voo DOM 148 esperando. 51 voo(s) INTL na frente.
PRIORIDADE: Voo DOM 155 esperando. 51 voo(s) INTL na frente.
PRIORIDADE: Voo DOM 129 esperando. 51 voo(s) INTL na frente.
ALERTA: Voo DOM 123 em estado critico de espera! (70s)
PRIORIDADE: Voo DOM 123 esperando. 51 voo(s) INTL na frente.
STARVATION: Voo DOM 107 caiu por excesso de tempo de espera! (100s)
ALERTA: Voo DOM 113 em estado critico de espera! (90s)
PRIORIDADE: Voo DOM 113 esperando. 51 voo(s) INTL na frente.
ALERTA: Voo DOM 118 em estado critico de espera! (80s)
PRIORIDADE: Voo DOM 118 esperando. 51 voo(s) INTL na frente.
PRIORIDADE: Voo DOM 143 esperando. 51 voo(s) INTL na frente.
ALERTA: Voo DOM 119 em estado critico de espera! (80s)
PRIORIDADE: Voo DOM 119 esperando. 51 voo(s) INTL na frente.
ALERTA: Voo DOM 124 em estado critico de espera! (70s)
PRIORIDADE: Voo DOM 124 esperando. 51 voo(s) INTL na frente.
PRIORIDADE: Voo DOM 130 esperando. 51 voo(s) INTL na frente.
PRIORIDADE: Voo DOM 157 esperando. 51 voo(s) INTL na frente.
STARVATION: Voo DOM 109 caiu por excesso de tempo de espera! (100s)
PRIORIDADE: Voo DOM 139 esperando. 51 voo(s) INTL na frente.
PRIORIDADE: Voo DOM 151 esperando. 51 voo(s) INTL na frente.
ALERTA: Voo DOM 120 em estado critico de espera! (80s)
PRIORIDADE: Voo DOM 120 esperando. 51 voo(s) INTL na frente.
PRIORIDADE: Voo DOM 135 esperando. 51 voo(s) INTL na frente.
STARVATION: Voo DOM 110 caiu por excesso de tempo de espera! (100s)
ALERTA: Voo DOM 115 em estado critico de espera! (90s)
PRIORIDADE: Voo DOM 115 esperando. 51 voo(s) INTL na frente.
PRIORIDADE: Voo DOM 131 esperando. 51 voo(s) INTL na frente.
PRIORIDADE: Voo DOM 140 esperando. 51 voo(s) INTL na frente.
PRIORIDADE: Voo DOM 145 esperando. 51 voo(s) INTL na frente.
STARVATION: Voo DOM 111 caiu por excesso de tempo de espera! (100s)
ALERTA: Voo DOM 127 em estado critico de espera! (70s)
PRIORIDADE: Voo DOM 127 esperando. 51 voo(s) INTL na frente.
PRIORIDADE: Voo DOM 141 esperando. 51 voo(s) INTL na frente.
ALERTA: Voo DOM 128 em estado critico de espera! (70s)
PRIORIDADE: Voo DOM 128 esperando. 51 voo(s) INTL na frente.
STARVATION: Voo DOM 112 caiu por excesso de tempo de espera! (100s)
PRIORIDADE: Voo DOM 133 esperando. 51 voo(s) INTL na frente.
PRIORIDADE: Voo DOM 147 esperando. 51 voo(s) INTL na frente.
PRIORIDADE: Voo DOM 148 esperando. 51 voo(s) INTL na frente.
PRIORIDADE: Voo DOM 155 esperando. 51 voo(s) INTL na frente.
ALERTA: Voo DOM 129 em estado critico de espera! (70s)
PRIORIDADE: Voo DOM 129 esperando. 51 voo(s) INTL na frente.
ALERTA: Voo DOM 123 em estado critico de espera! (80s)
PRIORIDADE: Voo DOM 123 esperando. 51 voo(s) INTL na frente.
STARVATION: Voo DOM 113 caiu por excesso de tempo de espera! (100s)
ALERTA: Voo DOM 118 em estado critico de espera! (90s)
PRIORIDADE: Voo DOM 118 esperando. 51 voo(s) INTL na frente.
PRIORIDADE: Voo DOM 143 esperando. 51 voo(s) INTL na frente.
ALERTA: Voo DOM 119 em estado critico de espera! (90s)
PRIORIDADE: Voo DOM 119 esperando. 51 voo(s) INTL na frente.
ALERTA: Voo DOM 124 em estado critico de espera! (80s)
PRIORIDADE: Voo DOM 124 esperando. 51 voo(s) INTL na frente.
ALERTA: Voo DOM 130 em estado critico de espera! (70s)
PRIORIDADE: Voo DOM 130 esperando. 51 voo(s) INTL na frente.
PRIORIDADE: Voo DOM 157 esperando. 51 voo(s) INTL na frente.
PRIORIDADE: Voo DOM 139 esperando. 51 voo(s) INTL na frente.
PRIORIDADE: Voo DOM 151 esperando. 51 voo(s) INTL na frente.
ALERTA: Voo DOM 120 em estado critico de espera! (90s)
PRIORIDADE: Voo DOM 120 esperando. 51 voo(s) INTL na frente.
PRIORIDADE: Voo DOM 135 esperando. 51 voo(s) INTL na frente.
STARVATION: Voo DOM 115 caiu por excesso de tempo de espera! (100s)
ALERTA: Voo DOM 131 em estado critico de espera! (70s)
PRIORIDADE: Voo DOM 131 esperando. 51 voo(s) INTL na frente.
PRIORIDADE: Voo DOM 140 esperando. 51 voo(s) INTL na frente.
PRIORIDADE: Voo DOM 145 esperando. 51 voo(s) INTL na frente.
ALERTA: Voo DOM 127 em estado critico de espera! (80s)
PRIORIDADE: Voo DOM 127 esperando. 51 voo(s) INTL na frente.
PRIORIDADE: Voo DOM 141 esperando. 51 voo(s) INTL na frente.
ALERTA: Voo DOM 128 em estado critico de espera! (80s)
PRIORIDADE: Voo DOM 128 esperando. 51 voo(s) INTL na frente.
ALERTA: Voo DOM 133 em estado critico de espera! (70s)
PRIORIDADE: Voo DOM 133 esperando. 51 voo(s) INTL na frente.
PRIORIDADE: Voo DOM 147 esperando. 51 voo(s) INTL na frente.
PRIORIDADE: Voo DOM 148 esperando. 51 voo(s) INTL na frente.
PRIORIDADE: Voo DOM 155 esperando. 51 voo(s) INTL na frente.
ALERTA: Voo DOM 129 em estado critico de espera! (80s)
PRIORIDADE: Voo DOM 129 esperando. 51 voo(s) INTL na frente.
ALERTA: Voo DOM 123 em estado critico de espera! (90s)
PRIORIDADE: Voo DOM 123 esperando. 51 voo(s) INTL na frente.
STARVATION: Voo DOM 118 caiu por excesso de tempo de espera! (100s)
PRIORIDADE: Voo DOM 143 esperando. 51 voo(s) INTL na frente.
STARVATION: Voo DOM 119 caiu por excesso de tempo de espera! (100s)
ALERTA: Voo DOM 124 em estado critico de espera! (90s)
PRIORIDADE: Voo DOM 124 esperando. 51 voo(s) INTL na frente.
ALERTA: Voo DOM 130 em estado critico de espera! (80s)
PRIORIDADE: Voo DOM 130 esperando. 51 voo(s) INTL na frente.
PRIORIDADE: Voo DOM 157 esperando. 51 voo(s) INTL na frente.
PRIORIDADE: Voo DOM 139 esperando. 51 voo(s) INTL na frente.
PRIORIDADE: Voo DOM 151 esperando. 51 voo(s) INTL na frente.
STARVATION: Voo DOM 120 caiu por excesso de tempo de espera! (100s)
ALERTA: Voo DOM 135 em estado critico de espera! (70s)
PRIORIDADE: Voo DOM 135 esperando. 51 voo(s) INTL na frente.
ALERTA: Voo DOM 131 em estado critico de espera! (80s)
PRIORIDADE: Voo DOM 131 esperando. 51 voo(s) INTL na frente.
PRIORIDADE: Voo DOM 140 esperando. 51 voo(s) INTL na frente.
PRIORIDADE: Voo DOM 145 esperando. 51 voo(s) INTL na frente.
ALERTA: Voo DOM 127 em estado critico de espera! (90s)
PRIORIDADE: Voo DOM 127 esperando. 51 voo(s) INTL na frente.
PRIORIDADE: Voo DOM 141 esperando. 51 voo(s) INTL na frente.
ALERTA: Voo DOM 128 em estado critico de espera! (90s)
PRIORIDADE: Voo DOM 128 esperando. 51 voo(s) INTL na frente.
PRIORIDADE: Voo DOM 147 esperando. 51 voo(s) INTL na frente.
ALERTA: Voo DOM 133 em estado critico de espera! (80s)
PRIORIDADE: Voo DOM 133 esperando. 51 voo(s) INTL na frente.
PRIORIDADE: Voo DOM 148 esperando. 51 voo(s) INTL na frente.
PRIORIDADE: Voo DOM 155 esperando. 51 voo(s) INTL na frente.
ALERTA: Voo DOM 129 em estado critico de espera! (90s)
PRIORIDADE: Voo DOM 129 esperando. 51 voo(s) INTL na frente.
STARVATION: Voo DOM 123 caiu por excesso de tempo de espera! (100s)
PRIORIDADE: Voo DOM 143 esperando. 51 voo(s) INTL na frente.
STARVATION: Voo DOM 124 caiu por excesso de tempo de espera! (100s)
ALERTA: Voo DOM 130 em estado critico de espera! (90s)
PRIORIDADE: Voo DOM 130 esperando. 51 voo(s) INTL na frente.
PRIORIDADE: Voo DOM 157 esperando. 51 voo(s) INTL na frente.
ALERTA: Voo DOM 139 em estado critico de espera! (70s)
PRIORIDADE: Voo DOM 139 esperando. 51 voo(s) INTL na frente.
PRIORIDADE: Voo DOM 151 esperando. 51 voo(s) INTL na frente.
ALERTA: Voo DOM 135 em estado critico de espera! (80s)
PRIORIDADE: Voo DOM 135 esperando. 51 voo(s) INTL na frente.
ALERTA: Voo DOM 131 em estado critico de espera! (90s)
PRIORIDADE: Voo DOM 131 esperando. 51 voo(s) INTL na frente.
ALERTA: Voo DOM 140 em estado critico de espera! (70s)
PRIORIDADE: Voo DOM 140 esperando. 51 voo(s) INTL na frente.
PRIORIDADE: Voo DOM 145 esperando. 51 voo(s) INTL na frente.
STARVATION: Voo DOM 127 caiu por excesso de tempo de espera! (100s)
ALERTA: Voo DOM 141 em estado critico de espera! (70s)
PRIORIDADE: Voo DOM 141 esperando. 51 voo(s) INTL na frente.
STARVATION: Voo DOM 128 caiu por excesso de tempo de espera! (100s)
PRIORIDADE: Voo DOM 147 esperando. 51 voo(s) INTL na frente.
ALERTA: Voo DOM 133 em estado critico de espera! (90s)
PRIORIDADE: Voo DOM 133 esperando. 51 voo(s) INTL na frente.
PRIORIDADE: Voo DOM 148 esperando. 51 voo(s) INTL na frente.
STARVATION: Voo DOM 129 caiu por excesso de tempo de espera! (100s)
PRIORIDADE: Voo DOM 155 esperando. 51 voo(s) INTL na frente.
ALERTA: Voo DOM 143 em estado critico de espera! (70s)
PRIORIDADE: Voo DOM 143 esperando. 51 voo(s) INTL na frente.
STARVATION: Voo DOM 130 caiu por excesso de tempo de espera! (100s)
PRIORIDADE: Voo DOM 157 esperando. 51 voo(s) INTL na frente.
ALERTA: Voo DOM 139 em estado critico de espera! (80s)
PRIORIDADE: Voo DOM 139 esperando. 51 voo(s) INTL na frente.
PRIORIDADE: Voo DOM 151 esperando. 51 voo(s) INTL na frente.
ALERTA: Voo DOM 135 em estado critico de espera! (90s)
PRIORIDADE: Voo DOM 135 esperando. 51 voo(s) INTL na frente.
STARVATION: Voo DOM 131 caiu por excesso de tempo de espera! (100s)
ALERTA: Voo DOM 140 em estado critico de espera! (80s)
PRIORIDADE: Voo DOM 140 esperando. 51 voo(s) INTL na frente.
ALERTA: Voo DOM 145 em estado critico de espera! (70s)
PRIORIDADE: Voo DOM 145 esperando. 51 voo(s) INTL na frente.
ALERTA: Voo DOM 141 em estado critico de espera! (80s)
PRIORIDADE: Voo DOM 141 esperando. 51 voo(s) INTL na frente.
ALERTA: Voo DOM 147 em estado critico de espera! (70s)
PRIORIDADE: Voo DOM 147 esperando. 51 voo(s) INTL na frente.
STARVATION: Voo DOM 133 caiu por excesso de tempo de espera! (100s)
ALERTA: Voo DOM 148 em estado critico de espera! (70s)
PRIORIDADE: Voo DOM 148 esperando. 51 voo(s) INTL na frente.
PRIORIDADE: Voo DOM 155 esperando. 51 voo(s) INTL na frente.
ALERTA: Voo DOM 143 em estado critico de espera! (80s)
PRIORIDADE: Voo DOM 143 esperando. 51 voo(s) INTL na frente.
PRIORIDADE: Voo DOM 157 esperando. 51 voo(s) INTL na frente.
ALERTA: Voo DOM 139 em estado critico de espera! (90s)
PRIORIDADE: Voo DOM 139 esperando. 51 voo(s) INTL na frente.
ALERTA: Voo DOM 151 em estado critico de espera! (70s)
PRIORIDADE: Voo DOM 151 esperando. 51 voo(s) INTL na frente.
STARVATION: Voo DOM 135 caiu por excesso de tempo de espera! (100s)
ALERTA: Voo DOM 140 em estado critico de espera! (90s)
PRIORIDADE: Voo DOM 140 esperando. 51 voo(s) INTL na frente.
ALERTA: Voo DOM 145 em estado critico de espera! (80s)
PRIORIDADE: Voo DOM 145 esperando. 51 voo(s) INTL na frente.
ALERTA: Voo DOM 141 em estado critico de espera! (90s)
PRIORIDADE: Voo DOM 141 esperando. 51 voo(s) INTL na frente.
ALERTA: Voo DOM 147 em estado critico de espera! (80s)
PRIORIDADE: Voo DOM 147 esperando. 51 voo(s) INTL na frente.
ALERTA: Voo DOM 148 em estado critico de espera! (80s)
PRIORIDADE: Voo DOM 148 esperando. 51 voo(s) INTL na frente.
ALERTA: Voo DOM 155 em estado critico de espera! (70s)
PRIORIDADE: Voo DOM 155 esperando. 51 voo(s) INTL na frente.
ALERTA: Voo DOM 143 em estado critico de espera! (90s)
PRIORIDADE: Voo DOM 143 esperando. 51 voo(s) INTL na frente.
ALERTA: Voo DOM 157 em estado critico de espera! (70s)
PRIORIDADE: Voo DOM 157 esperando. 51 voo(s) INTL na frente.
STARVATION: Voo DOM 139 caiu por excesso de tempo de espera! (100s)
ALERTA: Voo DOM 151 em estado critico de espera! (80s)
PRIORIDADE: Voo DOM 151 esperando. 51 voo(s) INTL na frente.
STARVATION: Voo DOM 140 caiu por excesso de tempo de espera! (100s)
ALERTA: Voo DOM 145 em estado critico de espera! (90s)
PRIORIDADE: Voo DOM 145 esperando. 51 voo(s) INTL na frente.
STARVATION: Voo DOM 141 caiu por excesso de tempo de espera! (100s)
ALERTA: Voo DOM 147 em estado critico de espera! (90s)
PRIORIDADE: Voo DOM 147 esperando. 51 voo(s) INTL na frente.
ALERTA: Voo DOM 148 em estado critico de espera! (90s)
PRIORIDADE: Voo DOM 148 esperando. 51 voo(s) INTL na frente.
ALERTA: Voo DOM 155 em estado critico de espera! (80s)
PRIORIDADE: Voo DOM 155 esperando. 51 voo(s) INTL na frente.
STARVATION: Voo DOM 143 caiu por excesso de tempo de espera! (100s)
ALERTA: Voo DOM 157 em estado critico de espera! (80s)
PRIORIDADE: Voo DOM 157 esperando. 51 voo(s) INTL na frente.
ALERTA: Voo DOM 151 em estado critico de espera! (90s)
PRIORIDADE: Voo DOM 151 esperando. 51 voo(s) INTL na frente.
STARVATION: Voo DOM 145 caiu por excesso de tempo de espera! (100s)
STARVATION: Voo DOM 147 caiu por excesso de tempo de espera! (100s)
STARVATION: Voo DOM 148 caiu por excesso de tempo de espera! (100s)
ALERTA: Voo DOM 155 em estado critico de espera! (90s)
PRIORIDADE: Voo DOM 155 esperando. 51 voo(s) INTL na frente.
ALERTA: Voo DOM 157 em estado critico de espera! (90s)
PRIORIDADE: Voo DOM 157 esperando. 51 voo(s) INTL na frente.
STARVATION: Voo DOM 151 caiu por excesso de tempo de espera! (100s)
STARVATION: Voo DOM 155 caiu por excesso de tempo de espera! (100s)
STARVATION: Voo DOM 157 caiu por excesso de tempo de espera! (100s)
INFO: Modulo do aeroporto finalizado.
INFO: Simulacao finalizada.
--- Fim do Log ---
